{"/home/ec2-user/inkbox/sdk/typescript/src/_http.ts": {"path":"/home/ec2-user/inkbox/sdk/typescript/src/_http.ts","all":false,"statementMap":{"6":{"start":{"line":7,"column":0},"end":{"line":7,"column":43}},"7":{"start":{"line":8,"column":0},"end":{"line":8,"column":30}},"8":{"start":{"line":9,"column":0},"end":{"line":9,"column":26}},"10":{"start":{"line":11,"column":0},"end":{"line":11,"column":51}},"11":{"start":{"line":12,"column":0},"end":{"line":12,"column":43}},"12":{"start":{"line":13,"column":0},"end":{"line":13,"column":33}},"13":{"start":{"line":14,"column":0},"end":{"line":14,"column":33}},"14":{"start":{"line":15,"column":0},"end":{"line":15,"column":25}},"15":{"start":{"line":16,"column":0},"end":{"line":16,"column":3}},"16":{"start":{"line":17,"column":0},"end":{"line":17,"column":1}},"20":{"start":{"line":21,"column":0},"end":{"line":21,"column":28}},"21":{"start":{"line":22,"column":0},"end":{"line":22,"column":14}},"22":{"start":{"line":23,"column":0},"end":{"line":23,"column":36}},"23":{"start":{"line":24,"column":0},"end":{"line":24,"column":37}},"24":{"start":{"line":25,"column":0},"end":{"line":25,"column":48}},"25":{"start":{"line":26,"column":0},"end":{"line":26,"column":6}},"27":{"start":{"line":28,"column":0},"end":{"line":28,"column":59}},"28":{"start":{"line":29,"column":0},"end":{"line":29,"column":52}},"29":{"start":{"line":30,"column":0},"end":{"line":30,"column":3}},"31":{"start":{"line":32,"column":0},"end":{"line":32,"column":59}},"32":{"start":{"line":33,"column":0},"end":{"line":33,"column":51}},"33":{"start":{"line":34,"column":0},"end":{"line":34,"column":3}},"35":{"start":{"line":36,"column":0},"end":{"line":36,"column":59}},"36":{"start":{"line":37,"column":0},"end":{"line":37,"column":52}},"37":{"start":{"line":38,"column":0},"end":{"line":38,"column":3}},"39":{"start":{"line":40,"column":0},"end":{"line":40,"column":45}},"40":{"start":{"line":41,"column":0},"end":{"line":41,"column":45}},"41":{"start":{"line":42,"column":0},"end":{"line":42,"column":3}},"43":{"start":{"line":44,"column":0},"end":{"line":44,"column":27}},"44":{"start":{"line":45,"column":0},"end":{"line":45,"column":19}},"45":{"start":{"line":46,"column":0},"end":{"line":46,"column":17}},"46":{"start":{"line":47,"column":0},"end":{"line":47,"column":51}},"47":{"start":{"line":48,"column":0},"end":{"line":48,"column":17}},"48":{"start":{"line":49,"column":0},"end":{"line":49,"column":39}},"50":{"start":{"line":51,"column":0},"end":{"line":51,"column":22}},"51":{"start":{"line":52,"column":0},"end":{"line":52,"column":39}},"52":{"start":{"line":53,"column":0},"end":{"line":53,"column":57}},"53":{"start":{"line":54,"column":0},"end":{"line":54,"column":44}},"54":{"start":{"line":55,"column":0},"end":{"line":55,"column":31}},"55":{"start":{"line":56,"column":0},"end":{"line":56,"column":9}},"56":{"start":{"line":57,"column":0},"end":{"line":57,"column":7}},"57":{"start":{"line":58,"column":0},"end":{"line":58,"column":30}},"58":{"start":{"line":59,"column":0},"end":{"line":59,"column":28}},"59":{"start":{"line":60,"column":0},"end":{"line":60,"column":5}},"61":{"start":{"line":62,"column":0},"end":{"line":62,"column":45}},"62":{"start":{"line":63,"column":0},"end":{"line":63,"column":37}},"63":{"start":{"line":64,"column":0},"end":{"line":64,"column":33}},"64":{"start":{"line":65,"column":0},"end":{"line":65,"column":6}},"66":{"start":{"line":67,"column":0},"end":{"line":67,"column":36}},"67":{"start":{"line":68,"column":0},"end":{"line":68,"column":34}},"68":{"start":{"line":69,"column":0},"end":{"line":69,"column":51}},"69":{"start":{"line":70,"column":0},"end":{"line":70,"column":42}},"70":{"start":{"line":71,"column":0},"end":{"line":71,"column":5}},"72":{"start":{"line":73,"column":0},"end":{"line":73,"column":45}},"73":{"start":{"line":74,"column":0},"end":{"line":74,"column":71}},"75":{"start":{"line":76,"column":0},"end":{"line":76,"column":23}},"76":{"start":{"line":77,"column":0},"end":{"line":77,"column":9}},"77":{"start":{"line":78,"column":0},"end":{"line":78,"column":31}},"78":{"start":{"line":79,"column":0},"end":{"line":79,"column":15}},"79":{"start":{"line":80,"column":0},"end":{"line":80,"column":16}},"80":{"start":{"line":81,"column":0},"end":{"line":81,"column":22}},"81":{"start":{"line":82,"column":0},"end":{"line":82,"column":34}},"82":{"start":{"line":83,"column":0},"end":{"line":83,"column":9}},"83":{"start":{"line":84,"column":0},"end":{"line":84,"column":15}},"84":{"start":{"line":85,"column":0},"end":{"line":85,"column":26}},"85":{"start":{"line":86,"column":0},"end":{"line":86,"column":5}},"87":{"start":{"line":88,"column":0},"end":{"line":88,"column":19}},"88":{"start":{"line":89,"column":0},"end":{"line":89,"column":25}},"89":{"start":{"line":90,"column":0},"end":{"line":90,"column":11}},"90":{"start":{"line":91,"column":0},"end":{"line":91,"column":63}},"91":{"start":{"line":92,"column":0},"end":{"line":92,"column":47}},"92":{"start":{"line":93,"column":0},"end":{"line":93,"column":15}},"93":{"start":{"line":94,"column":0},"end":{"line":94,"column":33}},"94":{"start":{"line":95,"column":0},"end":{"line":95,"column":7}},"95":{"start":{"line":96,"column":0},"end":{"line":96,"column":52}},"96":{"start":{"line":97,"column":0},"end":{"line":97,"column":5}},"98":{"start":{"line":99,"column":0},"end":{"line":99,"column":30}},"99":{"start":{"line":100,"column":0},"end":{"line":100,"column":28}},"100":{"start":{"line":101,"column":0},"end":{"line":101,"column":5}},"102":{"start":{"line":103,"column":0},"end":{"line":103,"column":37}},"103":{"start":{"line":104,"column":0},"end":{"line":104,"column":3}},"104":{"start":{"line":105,"column":0},"end":{"line":105,"column":1}}},"s":{"6":1,"7":1,"8":20,"10":1,"11":20,"12":20,"13":20,"14":20,"15":20,"16":1,"20":1,"21":1,"22":43,"23":43,"24":43,"25":43,"27":1,"28":8,"29":8,"31":1,"32":2,"33":2,"35":1,"36":1,"37":1,"39":1,"40":1,"41":1,"43":1,"44":12,"45":12,"46":12,"47":12,"48":12,"50":12,"51":2,"52":2,"53":5,"54":2,"55":2,"56":5,"57":2,"58":2,"59":2,"61":12,"62":12,"63":12,"64":12,"66":12,"67":12,"68":2,"69":2,"70":2,"72":12,"73":12,"75":12,"76":12,"77":12,"78":12,"79":12,"80":12,"81":12,"82":12,"83":12,"84":12,"85":12,"87":12,"88":4,"89":4,"90":4,"91":4,"92":4,"93":1,"94":1,"95":4,"96":4,"98":12,"99":1,"100":1,"102":6,"103":12,"104":1},"branchMap":{"0":{"type":"branch","line":8,"loc":{"start":{"line":8,"column":11},"end":{"line":9,"column":26}},"locations":[{"start":{"line":8,"column":11},"end":{"line":9,"column":26}}]},"1":{"type":"branch","line":11,"loc":{"start":{"line":11,"column":2},"end":{"line":16,"column":3}},"locations":[{"start":{"line":11,"column":2},"end":{"line":16,"column":3}}]},"2":{"type":"branch","line":22,"loc":{"start":{"line":22,"column":2},"end":{"line":26,"column":6}},"locations":[{"start":{"line":22,"column":2},"end":{"line":26,"column":6}}]},"3":{"type":"branch","line":28,"loc":{"start":{"line":28,"column":2},"end":{"line":30,"column":3}},"locations":[{"start":{"line":28,"column":2},"end":{"line":30,"column":3}}]},"4":{"type":"branch","line":32,"loc":{"start":{"line":32,"column":2},"end":{"line":34,"column":3}},"locations":[{"start":{"line":32,"column":2},"end":{"line":34,"column":3}}]},"5":{"type":"branch","line":36,"loc":{"start":{"line":36,"column":2},"end":{"line":38,"column":3}},"locations":[{"start":{"line":36,"column":2},"end":{"line":38,"column":3}}]},"6":{"type":"branch","line":40,"loc":{"start":{"line":40,"column":2},"end":{"line":42,"column":3}},"locations":[{"start":{"line":40,"column":2},"end":{"line":42,"column":3}}]},"7":{"type":"branch","line":44,"loc":{"start":{"line":44,"column":2},"end":{"line":104,"column":3}},"locations":[{"start":{"line":44,"column":2},"end":{"line":104,"column":3}}]},"8":{"type":"branch","line":51,"loc":{"start":{"line":51,"column":21},"end":{"line":60,"column":5}},"locations":[{"start":{"line":51,"column":21},"end":{"line":60,"column":5}}]},"9":{"type":"branch","line":53,"loc":{"start":{"line":53,"column":56},"end":{"line":57,"column":7}},"locations":[{"start":{"line":53,"column":56},"end":{"line":57,"column":7}}]},"10":{"type":"branch","line":54,"loc":{"start":{"line":54,"column":18},"end":{"line":54,"column":43}},"locations":[{"start":{"line":54,"column":18},"end":{"line":54,"column":43}}]},"11":{"type":"branch","line":54,"loc":{"start":{"line":54,"column":43},"end":{"line":56,"column":9}},"locations":[{"start":{"line":54,"column":43},"end":{"line":56,"column":9}}]},"12":{"type":"branch","line":59,"loc":{"start":{"line":59,"column":13},"end":{"line":59,"column":28}},"locations":[{"start":{"line":59,"column":13},"end":{"line":59,"column":28}}]},"13":{"type":"branch","line":68,"loc":{"start":{"line":68,"column":33},"end":{"line":71,"column":5}},"locations":[{"start":{"line":68,"column":33},"end":{"line":71,"column":5}}]},"14":{"type":"branch","line":83,"loc":{"start":{"line":83,"column":7},"end":{"line":84,"column":6}},"locations":[{"start":{"line":83,"column":7},"end":{"line":84,"column":6}}]},"15":{"type":"branch","line":86,"loc":{"start":{"line":86,"column":4},"end":{"line":88,"column":18}},"locations":[{"start":{"line":86,"column":4},"end":{"line":88,"column":18}}]},"16":{"type":"branch","line":88,"loc":{"start":{"line":88,"column":18},"end":{"line":97,"column":5}},"locations":[{"start":{"line":88,"column":18},"end":{"line":97,"column":5}}]},"17":{"type":"branch","line":91,"loc":{"start":{"line":91,"column":37},"end":{"line":92,"column":31}},"locations":[{"start":{"line":91,"column":37},"end":{"line":92,"column":31}}]},"18":{"type":"branch","line":92,"loc":{"start":{"line":92,"column":21},"end":{"line":92,"column":47}},"locations":[{"start":{"line":92,"column":21},"end":{"line":92,"column":47}}]},"19":{"type":"branch","line":93,"loc":{"start":{"line":93,"column":6},"end":{"line":95,"column":7}},"locations":[{"start":{"line":93,"column":6},"end":{"line":95,"column":7}}]},"20":{"type":"branch","line":97,"loc":{"start":{"line":97,"column":4},"end":{"line":99,"column":29}},"locations":[{"start":{"line":97,"column":4},"end":{"line":99,"column":29}}]},"21":{"type":"branch","line":99,"loc":{"start":{"line":99,"column":29},"end":{"line":101,"column":5}},"locations":[{"start":{"line":99,"column":29},"end":{"line":101,"column":5}}]},"22":{"type":"branch","line":101,"loc":{"start":{"line":101,"column":4},"end":{"line":103,"column":37}},"locations":[{"start":{"line":101,"column":4},"end":{"line":103,"column":37}}]},"23":{"type":"branch","line":74,"loc":{"start":{"line":74,"column":29},"end":{"line":74,"column":55}},"locations":[{"start":{"line":74,"column":29},"end":{"line":74,"column":55}}]}},"b":{"0":[20],"1":[20],"2":[43],"3":[8],"4":[2],"5":[1],"6":[1],"7":[12],"8":[2],"9":[5],"10":[3],"11":[2],"12":[1],"13":[2],"14":[11],"15":[11],"16":[4],"17":[3],"18":[1],"19":[1],"20":[7],"21":[1],"22":[6],"23":[1]},"fnMap":{"0":{"name":"<instance_members_initializer>","decl":{"start":{"line":8,"column":11},"end":{"line":9,"column":26}},"loc":{"start":{"line":8,"column":11},"end":{"line":9,"column":26}},"line":8},"1":{"name":"InkboxAPIError","decl":{"start":{"line":11,"column":2},"end":{"line":16,"column":3}},"loc":{"start":{"line":11,"column":2},"end":{"line":16,"column":3}},"line":11},"2":{"name":"HttpTransport","decl":{"start":{"line":22,"column":2},"end":{"line":26,"column":6}},"loc":{"start":{"line":22,"column":2},"end":{"line":26,"column":6}},"line":22},"3":{"name":"get","decl":{"start":{"line":28,"column":2},"end":{"line":30,"column":3}},"loc":{"start":{"line":28,"column":2},"end":{"line":30,"column":3}},"line":28},"4":{"name":"post","decl":{"start":{"line":32,"column":2},"end":{"line":34,"column":3}},"loc":{"start":{"line":32,"column":2},"end":{"line":34,"column":3}},"line":32},"5":{"name":"patch","decl":{"start":{"line":36,"column":2},"end":{"line":38,"column":3}},"loc":{"start":{"line":36,"column":2},"end":{"line":38,"column":3}},"line":36},"6":{"name":"delete","decl":{"start":{"line":40,"column":2},"end":{"line":42,"column":3}},"loc":{"start":{"line":40,"column":2},"end":{"line":42,"column":3}},"line":40},"7":{"name":"request","decl":{"start":{"line":44,"column":2},"end":{"line":104,"column":3}},"loc":{"start":{"line":44,"column":2},"end":{"line":104,"column":3}},"line":44}},"f":{"0":20,"1":20,"2":43,"3":8,"4":2,"5":1,"6":1,"7":12}}
,"/home/ec2-user/inkbox/sdk/typescript/src/agent_identity.ts": {"path":"/home/ec2-user/inkbox/sdk/typescript/src/agent_identity.ts","all":false,"statementMap":{"0":{"start":{"line":1,"column":0},"end":{"line":1,"column":3}},"22":{"start":{"line":23,"column":0},"end":{"line":23,"column":28}},"23":{"start":{"line":24,"column":0},"end":{"line":24,"column":36}},"24":{"start":{"line":25,"column":0},"end":{"line":25,"column":35}},"25":{"start":{"line":26,"column":0},"end":{"line":26,"column":43}},"26":{"start":{"line":27,"column":0},"end":{"line":27,"column":51}},"28":{"start":{"line":29,"column":0},"end":{"line":29,"column":57}},"29":{"start":{"line":30,"column":0},"end":{"line":30,"column":29}},"30":{"start":{"line":31,"column":0},"end":{"line":31,"column":31}},"31":{"start":{"line":32,"column":0},"end":{"line":32,"column":37}},"32":{"start":{"line":33,"column":0},"end":{"line":33,"column":41}},"33":{"start":{"line":34,"column":0},"end":{"line":34,"column":3}},"39":{"start":{"line":40,"column":0},"end":{"line":40,"column":62}},"40":{"start":{"line":41,"column":0},"end":{"line":41,"column":54}},"41":{"start":{"line":42,"column":0},"end":{"line":42,"column":58}},"44":{"start":{"line":45,"column":0},"end":{"line":45,"column":65}},"47":{"start":{"line":48,"column":0},"end":{"line":48,"column":77}},"59":{"start":{"line":60,"column":0},"end":{"line":60,"column":89}},"60":{"start":{"line":61,"column":0},"end":{"line":61,"column":58}},"61":{"start":{"line":62,"column":0},"end":{"line":62,"column":36}},"62":{"start":{"line":63,"column":0},"end":{"line":63,"column":17}},"63":{"start":{"line":64,"column":0},"end":{"line":64,"column":7}},"64":{"start":{"line":65,"column":0},"end":{"line":65,"column":37}},"65":{"start":{"line":66,"column":0},"end":{"line":66,"column":21}},"66":{"start":{"line":67,"column":0},"end":{"line":67,"column":41}},"67":{"start":{"line":68,"column":0},"end":{"line":68,"column":39}},"68":{"start":{"line":69,"column":0},"end":{"line":69,"column":29}},"69":{"start":{"line":70,"column":0},"end":{"line":70,"column":35}},"70":{"start":{"line":71,"column":0},"end":{"line":71,"column":35}},"71":{"start":{"line":72,"column":0},"end":{"line":72,"column":6}},"72":{"start":{"line":73,"column":0},"end":{"line":73,"column":27}},"73":{"start":{"line":74,"column":0},"end":{"line":74,"column":18}},"74":{"start":{"line":75,"column":0},"end":{"line":75,"column":3}},"83":{"start":{"line":84,"column":0},"end":{"line":84,"column":68}},"84":{"start":{"line":85,"column":0},"end":{"line":85,"column":85}},"85":{"start":{"line":86,"column":0},"end":{"line":86,"column":16}},"86":{"start":{"line":87,"column":0},"end":{"line":87,"column":7}},"87":{"start":{"line":88,"column":0},"end":{"line":88,"column":34}},"88":{"start":{"line":89,"column":0},"end":{"line":89,"column":26}},"89":{"start":{"line":90,"column":0},"end":{"line":90,"column":26}},"90":{"start":{"line":91,"column":0},"end":{"line":91,"column":3}},"95":{"start":{"line":96,"column":0},"end":{"line":96,"column":40}},"96":{"start":{"line":97,"column":0},"end":{"line":97,"column":27}},"97":{"start":{"line":98,"column":0},"end":{"line":98,"column":68}},"98":{"start":{"line":99,"column":0},"end":{"line":99,"column":25}},"99":{"start":{"line":100,"column":0},"end":{"line":100,"column":3}},"108":{"start":{"line":109,"column":0},"end":{"line":109,"column":29}},"109":{"start":{"line":110,"column":0},"end":{"line":110,"column":52}},"110":{"start":{"line":111,"column":0},"end":{"line":111,"column":35}},"111":{"start":{"line":112,"column":0},"end":{"line":112,"column":89}},"112":{"start":{"line":113,"column":0},"end":{"line":113,"column":71}},"113":{"start":{"line":114,"column":0},"end":{"line":114,"column":41}},"114":{"start":{"line":115,"column":0},"end":{"line":115,"column":29}},"115":{"start":{"line":116,"column":0},"end":{"line":116,"column":30}},"116":{"start":{"line":117,"column":0},"end":{"line":117,"column":3}},"125":{"start":{"line":126,"column":0},"end":{"line":126,"column":80}},"126":{"start":{"line":127,"column":0},"end":{"line":127,"column":88}},"127":{"start":{"line":128,"column":0},"end":{"line":128,"column":20}},"128":{"start":{"line":129,"column":0},"end":{"line":129,"column":7}},"129":{"start":{"line":130,"column":0},"end":{"line":130,"column":41}},"130":{"start":{"line":131,"column":0},"end":{"line":131,"column":29}},"131":{"start":{"line":132,"column":0},"end":{"line":132,"column":30}},"132":{"start":{"line":133,"column":0},"end":{"line":133,"column":3}},"137":{"start":{"line":138,"column":0},"end":{"line":138,"column":44}},"138":{"start":{"line":139,"column":0},"end":{"line":139,"column":25}},"139":{"start":{"line":140,"column":0},"end":{"line":140,"column":72}},"140":{"start":{"line":141,"column":0},"end":{"line":141,"column":29}},"141":{"start":{"line":142,"column":0},"end":{"line":142,"column":3}},"159":{"start":{"line":160,"column":0},"end":{"line":160,"column":28}},"168":{"start":{"line":169,"column":0},"end":{"line":169,"column":24}},"169":{"start":{"line":170,"column":0},"end":{"line":170,"column":27}},"170":{"start":{"line":171,"column":0},"end":{"line":171,"column":77}},"171":{"start":{"line":172,"column":0},"end":{"line":172,"column":3}},"181":{"start":{"line":182,"column":0},"end":{"line":182,"column":112}},"182":{"start":{"line":183,"column":0},"end":{"line":183,"column":27}},"183":{"start":{"line":184,"column":0},"end":{"line":184,"column":77}},"184":{"start":{"line":185,"column":0},"end":{"line":185,"column":3}},"194":{"start":{"line":195,"column":0},"end":{"line":195,"column":125}},"195":{"start":{"line":196,"column":0},"end":{"line":196,"column":55}},"196":{"start":{"line":197,"column":0},"end":{"line":197,"column":33}},"197":{"start":{"line":198,"column":0},"end":{"line":198,"column":5}},"198":{"start":{"line":199,"column":0},"end":{"line":199,"column":3}},"205":{"start":{"line":206,"column":0},"end":{"line":206,"column":61}},"206":{"start":{"line":207,"column":0},"end":{"line":207,"column":27}},"207":{"start":{"line":208,"column":0},"end":{"line":208,"column":34}},"208":{"start":{"line":209,"column":0},"end":{"line":209,"column":77}},"209":{"start":{"line":210,"column":0},"end":{"line":210,"column":5}},"210":{"start":{"line":211,"column":0},"end":{"line":211,"column":3}},"218":{"start":{"line":219,"column":0},"end":{"line":219,"column":63}},"219":{"start":{"line":220,"column":0},"end":{"line":220,"column":27}},"220":{"start":{"line":221,"column":0},"end":{"line":221,"column":78}},"221":{"start":{"line":222,"column":0},"end":{"line":222,"column":3}},"229":{"start":{"line":230,"column":0},"end":{"line":230,"column":60}},"230":{"start":{"line":231,"column":0},"end":{"line":231,"column":27}},"231":{"start":{"line":232,"column":0},"end":{"line":232,"column":76}},"232":{"start":{"line":233,"column":0},"end":{"line":233,"column":3}},"244":{"start":{"line":245,"column":0},"end":{"line":245,"column":28}},"247":{"start":{"line":248,"column":0},"end":{"line":248,"column":39}},"248":{"start":{"line":249,"column":0},"end":{"line":249,"column":25}},"249":{"start":{"line":250,"column":0},"end":{"line":250,"column":38}},"250":{"start":{"line":251,"column":0},"end":{"line":251,"column":53}},"251":{"start":{"line":252,"column":0},"end":{"line":252,"column":44}},"252":{"start":{"line":253,"column":0},"end":{"line":253,"column":54}},"253":{"start":{"line":254,"column":0},"end":{"line":254,"column":7}},"254":{"start":{"line":255,"column":0},"end":{"line":255,"column":3}},"262":{"start":{"line":263,"column":0},"end":{"line":263,"column":92}},"263":{"start":{"line":264,"column":0},"end":{"line":264,"column":25}},"264":{"start":{"line":265,"column":0},"end":{"line":265,"column":68}},"265":{"start":{"line":266,"column":0},"end":{"line":266,"column":3}},"272":{"start":{"line":273,"column":0},"end":{"line":273,"column":69}},"273":{"start":{"line":274,"column":0},"end":{"line":274,"column":25}},"274":{"start":{"line":275,"column":0},"end":{"line":275,"column":73}},"275":{"start":{"line":276,"column":0},"end":{"line":276,"column":3}},"287":{"start":{"line":288,"column":0},"end":{"line":288,"column":81}},"288":{"start":{"line":289,"column":0},"end":{"line":289,"column":85}},"289":{"start":{"line":290,"column":0},"end":{"line":290,"column":18}},"290":{"start":{"line":291,"column":0},"end":{"line":291,"column":16}},"291":{"start":{"line":292,"column":0},"end":{"line":292,"column":33}},"292":{"start":{"line":293,"column":0},"end":{"line":293,"column":37}},"293":{"start":{"line":294,"column":0},"end":{"line":294,"column":6}},"294":{"start":{"line":295,"column":0},"end":{"line":295,"column":3}},"301":{"start":{"line":302,"column":0},"end":{"line":302,"column":43}},"302":{"start":{"line":303,"column":0},"end":{"line":303,"column":78}},"303":{"start":{"line":304,"column":0},"end":{"line":304,"column":29}},"304":{"start":{"line":305,"column":0},"end":{"line":305,"column":37}},"305":{"start":{"line":306,"column":0},"end":{"line":306,"column":41}},"306":{"start":{"line":307,"column":0},"end":{"line":307,"column":16}},"307":{"start":{"line":308,"column":0},"end":{"line":308,"column":3}},"310":{"start":{"line":311,"column":0},"end":{"line":311,"column":33}},"311":{"start":{"line":312,"column":0},"end":{"line":312,"column":61}},"312":{"start":{"line":313,"column":0},"end":{"line":313,"column":3}},"318":{"start":{"line":319,"column":0},"end":{"line":319,"column":35}},"319":{"start":{"line":320,"column":0},"end":{"line":320,"column":25}},"320":{"start":{"line":321,"column":0},"end":{"line":321,"column":31}},"321":{"start":{"line":322,"column":0},"end":{"line":322,"column":10}},"322":{"start":{"line":323,"column":0},"end":{"line":323,"column":131}},"323":{"start":{"line":324,"column":0},"end":{"line":324,"column":8}},"324":{"start":{"line":325,"column":0},"end":{"line":325,"column":5}},"325":{"start":{"line":326,"column":0},"end":{"line":326,"column":3}},"327":{"start":{"line":328,"column":0},"end":{"line":328,"column":33}},"328":{"start":{"line":329,"column":0},"end":{"line":329,"column":29}},"329":{"start":{"line":330,"column":0},"end":{"line":330,"column":31}},"330":{"start":{"line":331,"column":0},"end":{"line":331,"column":10}},"331":{"start":{"line":332,"column":0},"end":{"line":332,"column":147}},"332":{"start":{"line":333,"column":0},"end":{"line":333,"column":8}},"333":{"start":{"line":334,"column":0},"end":{"line":334,"column":5}},"334":{"start":{"line":335,"column":0},"end":{"line":335,"column":3}},"335":{"start":{"line":336,"column":0},"end":{"line":336,"column":1}}},"s":{"0":1,"22":1,"23":1,"24":37,"25":37,"26":37,"28":1,"29":37,"30":37,"31":37,"32":37,"33":37,"39":1,"40":1,"41":1,"44":1,"47":1,"59":1,"60":1,"61":1,"62":1,"63":1,"64":1,"65":1,"66":1,"67":1,"68":1,"69":1,"70":1,"71":1,"72":1,"73":1,"74":1,"83":1,"84":1,"85":1,"86":1,"87":1,"88":1,"89":1,"90":1,"95":1,"96":2,"97":2,"98":1,"99":2,"108":1,"109":1,"110":1,"111":1,"112":1,"113":1,"114":1,"115":1,"116":1,"125":1,"126":1,"127":1,"128":1,"129":1,"130":1,"131":1,"132":1,"137":1,"138":2,"139":2,"140":1,"141":2,"159":1,"168":2,"169":2,"170":2,"171":2,"181":1,"182":3,"183":3,"184":3,"194":1,"195":1,"196":3,"197":3,"198":1,"205":1,"206":2,"207":2,"208":2,"209":2,"210":2,"218":1,"219":4,"220":4,"221":4,"229":1,"230":4,"231":4,"232":4,"244":1,"247":2,"248":2,"249":2,"250":2,"251":2,"252":2,"253":2,"254":2,"262":1,"263":2,"264":2,"265":2,"272":1,"273":2,"274":2,"275":2,"287":1,"288":1,"289":1,"290":1,"291":1,"292":1,"293":1,"294":1,"301":1,"302":1,"303":1,"304":1,"305":1,"306":1,"307":1,"310":1,"311":1,"312":1,"318":1,"319":17,"320":8,"321":8,"322":8,"323":8,"324":8,"325":17,"327":1,"328":8,"329":4,"330":4,"331":4,"332":4,"333":4,"334":8,"335":1},"branchMap":{"0":{"type":"branch","line":24,"loc":{"start":{"line":24,"column":10},"end":{"line":27,"column":51}},"locations":[{"start":{"line":24,"column":10},"end":{"line":27,"column":51}}]},"1":{"type":"branch","line":29,"loc":{"start":{"line":29,"column":2},"end":{"line":34,"column":3}},"locations":[{"start":{"line":29,"column":2},"end":{"line":34,"column":3}}]},"2":{"type":"branch","line":40,"loc":{"start":{"line":40,"column":2},"end":{"line":40,"column":62}},"locations":[{"start":{"line":40,"column":2},"end":{"line":40,"column":62}}]},"3":{"type":"branch","line":41,"loc":{"start":{"line":41,"column":2},"end":{"line":41,"column":54}},"locations":[{"start":{"line":41,"column":2},"end":{"line":41,"column":54}}]},"4":{"type":"branch","line":42,"loc":{"start":{"line":42,"column":2},"end":{"line":42,"column":58}},"locations":[{"start":{"line":42,"column":2},"end":{"line":42,"column":58}}]},"5":{"type":"branch","line":45,"loc":{"start":{"line":45,"column":2},"end":{"line":45,"column":65}},"locations":[{"start":{"line":45,"column":2},"end":{"line":45,"column":65}}]},"6":{"type":"branch","line":48,"loc":{"start":{"line":48,"column":2},"end":{"line":48,"column":77}},"locations":[{"start":{"line":48,"column":2},"end":{"line":48,"column":77}}]},"7":{"type":"branch","line":60,"loc":{"start":{"line":60,"column":2},"end":{"line":75,"column":3}},"locations":[{"start":{"line":60,"column":2},"end":{"line":75,"column":3}}]},"8":{"type":"branch","line":84,"loc":{"start":{"line":84,"column":2},"end":{"line":91,"column":3}},"locations":[{"start":{"line":84,"column":2},"end":{"line":91,"column":3}}]},"9":{"type":"branch","line":96,"loc":{"start":{"line":96,"column":2},"end":{"line":100,"column":3}},"locations":[{"start":{"line":96,"column":2},"end":{"line":100,"column":3}}]},"10":{"type":"branch","line":98,"loc":{"start":{"line":98,"column":66},"end":{"line":99,"column":25}},"locations":[{"start":{"line":98,"column":66},"end":{"line":99,"column":25}}]},"11":{"type":"branch","line":109,"loc":{"start":{"line":109,"column":2},"end":{"line":117,"column":3}},"locations":[{"start":{"line":109,"column":2},"end":{"line":117,"column":3}}]},"12":{"type":"branch","line":126,"loc":{"start":{"line":126,"column":2},"end":{"line":133,"column":3}},"locations":[{"start":{"line":126,"column":2},"end":{"line":133,"column":3}}]},"13":{"type":"branch","line":138,"loc":{"start":{"line":138,"column":2},"end":{"line":142,"column":3}},"locations":[{"start":{"line":138,"column":2},"end":{"line":142,"column":3}}]},"14":{"type":"branch","line":140,"loc":{"start":{"line":140,"column":70},"end":{"line":141,"column":29}},"locations":[{"start":{"line":140,"column":70},"end":{"line":141,"column":29}}]},"15":{"type":"branch","line":160,"loc":{"start":{"line":160,"column":2},"end":{"line":172,"column":3}},"locations":[{"start":{"line":160,"column":2},"end":{"line":172,"column":3}}]},"16":{"type":"branch","line":182,"loc":{"start":{"line":182,"column":2},"end":{"line":185,"column":3}},"locations":[{"start":{"line":182,"column":2},"end":{"line":185,"column":3}}]},"17":{"type":"branch","line":195,"loc":{"start":{"line":195,"column":2},"end":{"line":199,"column":3}},"locations":[{"start":{"line":195,"column":2},"end":{"line":199,"column":3}}]},"18":{"type":"branch","line":196,"loc":{"start":{"line":196,"column":54},"end":{"line":198,"column":5}},"locations":[{"start":{"line":196,"column":54},"end":{"line":198,"column":5}}]},"19":{"type":"branch","line":197,"loc":{"start":{"line":197,"column":23},"end":{"line":197,"column":33}},"locations":[{"start":{"line":197,"column":23},"end":{"line":197,"column":33}}]},"20":{"type":"branch","line":206,"loc":{"start":{"line":206,"column":2},"end":{"line":211,"column":3}},"locations":[{"start":{"line":206,"column":2},"end":{"line":211,"column":3}}]},"21":{"type":"branch","line":210,"loc":{"start":{"line":210,"column":4},"end":{"line":210,"column":5}},"locations":[{"start":{"line":210,"column":4},"end":{"line":210,"column":5}}]},"22":{"type":"branch","line":219,"loc":{"start":{"line":219,"column":2},"end":{"line":222,"column":3}},"locations":[{"start":{"line":219,"column":2},"end":{"line":222,"column":3}}]},"23":{"type":"branch","line":230,"loc":{"start":{"line":230,"column":2},"end":{"line":233,"column":3}},"locations":[{"start":{"line":230,"column":2},"end":{"line":233,"column":3}}]},"24":{"type":"branch","line":245,"loc":{"start":{"line":245,"column":2},"end":{"line":255,"column":3}},"locations":[{"start":{"line":245,"column":2},"end":{"line":255,"column":3}}]},"25":{"type":"branch","line":263,"loc":{"start":{"line":263,"column":2},"end":{"line":266,"column":3}},"locations":[{"start":{"line":263,"column":2},"end":{"line":266,"column":3}}]},"26":{"type":"branch","line":273,"loc":{"start":{"line":273,"column":2},"end":{"line":276,"column":3}},"locations":[{"start":{"line":273,"column":2},"end":{"line":276,"column":3}}]},"27":{"type":"branch","line":288,"loc":{"start":{"line":288,"column":2},"end":{"line":295,"column":3}},"locations":[{"start":{"line":288,"column":2},"end":{"line":295,"column":3}}]},"28":{"type":"branch","line":302,"loc":{"start":{"line":302,"column":2},"end":{"line":308,"column":3}},"locations":[{"start":{"line":302,"column":2},"end":{"line":308,"column":3}}]},"29":{"type":"branch","line":311,"loc":{"start":{"line":311,"column":2},"end":{"line":313,"column":3}},"locations":[{"start":{"line":311,"column":2},"end":{"line":313,"column":3}}]},"30":{"type":"branch","line":319,"loc":{"start":{"line":319,"column":10},"end":{"line":326,"column":3}},"locations":[{"start":{"line":319,"column":10},"end":{"line":326,"column":3}}]},"31":{"type":"branch","line":320,"loc":{"start":{"line":320,"column":24},"end":{"line":325,"column":5}},"locations":[{"start":{"line":320,"column":24},"end":{"line":325,"column":5}}]},"32":{"type":"branch","line":328,"loc":{"start":{"line":328,"column":10},"end":{"line":335,"column":3}},"locations":[{"start":{"line":328,"column":10},"end":{"line":335,"column":3}}]},"33":{"type":"branch","line":329,"loc":{"start":{"line":329,"column":28},"end":{"line":334,"column":5}},"locations":[{"start":{"line":329,"column":28},"end":{"line":334,"column":5}}]}},"b":{"0":[37],"1":[37],"2":[26],"3":[1],"4":[1],"5":[5],"6":[4],"7":[1],"8":[1],"9":[2],"10":[1],"11":[1],"12":[1],"13":[2],"14":[1],"15":[2],"16":[3],"17":[1],"18":[3],"19":[2],"20":[2],"21":[1],"22":[4],"23":[4],"24":[2],"25":[2],"26":[2],"27":[1],"28":[1],"29":[1],"30":[17],"31":[8],"32":[8],"33":[4]},"fnMap":{"0":{"name":"<instance_members_initializer>","decl":{"start":{"line":24,"column":10},"end":{"line":27,"column":51}},"loc":{"start":{"line":24,"column":10},"end":{"line":27,"column":51}},"line":24},"1":{"name":"AgentIdentity","decl":{"start":{"line":29,"column":2},"end":{"line":34,"column":3}},"loc":{"start":{"line":29,"column":2},"end":{"line":34,"column":3}},"line":29},"2":{"name":"get agentHandle","decl":{"start":{"line":40,"column":2},"end":{"line":40,"column":62}},"loc":{"start":{"line":40,"column":2},"end":{"line":40,"column":62}},"line":40},"3":{"name":"get id","decl":{"start":{"line":41,"column":2},"end":{"line":41,"column":54}},"loc":{"start":{"line":41,"column":2},"end":{"line":41,"column":54}},"line":41},"4":{"name":"get status","decl":{"start":{"line":42,"column":2},"end":{"line":42,"column":58}},"loc":{"start":{"line":42,"column":2},"end":{"line":42,"column":58}},"line":42},"5":{"name":"get mailbox","decl":{"start":{"line":45,"column":2},"end":{"line":45,"column":65}},"loc":{"start":{"line":45,"column":2},"end":{"line":45,"column":65}},"line":45},"6":{"name":"get phoneNumber","decl":{"start":{"line":48,"column":2},"end":{"line":48,"column":77}},"loc":{"start":{"line":48,"column":2},"end":{"line":48,"column":77}},"line":48},"7":{"name":"createMailbox","decl":{"start":{"line":60,"column":2},"end":{"line":75,"column":3}},"loc":{"start":{"line":60,"column":2},"end":{"line":75,"column":3}},"line":60},"8":{"name":"assignMailbox","decl":{"start":{"line":84,"column":2},"end":{"line":91,"column":3}},"loc":{"start":{"line":84,"column":2},"end":{"line":91,"column":3}},"line":84},"9":{"name":"unlinkMailbox","decl":{"start":{"line":96,"column":2},"end":{"line":100,"column":3}},"loc":{"start":{"line":96,"column":2},"end":{"line":100,"column":3}},"line":96},"10":{"name":"provisionPhoneNumber","decl":{"start":{"line":109,"column":2},"end":{"line":117,"column":3}},"loc":{"start":{"line":109,"column":2},"end":{"line":117,"column":3}},"line":109},"11":{"name":"assignPhoneNumber","decl":{"start":{"line":126,"column":2},"end":{"line":133,"column":3}},"loc":{"start":{"line":126,"column":2},"end":{"line":133,"column":3}},"line":126},"12":{"name":"unlinkPhoneNumber","decl":{"start":{"line":138,"column":2},"end":{"line":142,"column":3}},"loc":{"start":{"line":138,"column":2},"end":{"line":142,"column":3}},"line":138},"13":{"name":"sendEmail","decl":{"start":{"line":160,"column":2},"end":{"line":172,"column":3}},"loc":{"start":{"line":160,"column":2},"end":{"line":172,"column":3}},"line":160},"14":{"name":"iterEmails","decl":{"start":{"line":182,"column":2},"end":{"line":185,"column":3}},"loc":{"start":{"line":182,"column":2},"end":{"line":185,"column":3}},"line":182},"15":{"name":"iterUnreadEmails","decl":{"start":{"line":195,"column":2},"end":{"line":199,"column":3}},"loc":{"start":{"line":195,"column":2},"end":{"line":199,"column":3}},"line":195},"16":{"name":"markEmailsRead","decl":{"start":{"line":206,"column":2},"end":{"line":211,"column":3}},"loc":{"start":{"line":206,"column":2},"end":{"line":211,"column":3}},"line":206},"17":{"name":"getMessage","decl":{"start":{"line":219,"column":2},"end":{"line":222,"column":3}},"loc":{"start":{"line":219,"column":2},"end":{"line":222,"column":3}},"line":219},"18":{"name":"getThread","decl":{"start":{"line":230,"column":2},"end":{"line":233,"column":3}},"loc":{"start":{"line":230,"column":2},"end":{"line":233,"column":3}},"line":230},"19":{"name":"placeCall","decl":{"start":{"line":245,"column":2},"end":{"line":255,"column":3}},"loc":{"start":{"line":245,"column":2},"end":{"line":255,"column":3}},"line":245},"20":{"name":"listCalls","decl":{"start":{"line":263,"column":2},"end":{"line":266,"column":3}},"loc":{"start":{"line":263,"column":2},"end":{"line":266,"column":3}},"line":263},"21":{"name":"listTranscripts","decl":{"start":{"line":273,"column":2},"end":{"line":276,"column":3}},"loc":{"start":{"line":273,"column":2},"end":{"line":276,"column":3}},"line":273},"22":{"name":"update","decl":{"start":{"line":288,"column":2},"end":{"line":295,"column":3}},"loc":{"start":{"line":288,"column":2},"end":{"line":295,"column":3}},"line":288},"23":{"name":"refresh","decl":{"start":{"line":302,"column":2},"end":{"line":308,"column":3}},"loc":{"start":{"line":302,"column":2},"end":{"line":308,"column":3}},"line":302},"24":{"name":"delete","decl":{"start":{"line":311,"column":2},"end":{"line":313,"column":3}},"loc":{"start":{"line":311,"column":2},"end":{"line":313,"column":3}},"line":311},"25":{"name":"_requireMailbox","decl":{"start":{"line":319,"column":10},"end":{"line":326,"column":3}},"loc":{"start":{"line":319,"column":10},"end":{"line":326,"column":3}},"line":319},"26":{"name":"_requirePhone","decl":{"start":{"line":328,"column":10},"end":{"line":335,"column":3}},"loc":{"start":{"line":328,"column":10},"end":{"line":335,"column":3}},"line":328}},"f":{"0":37,"1":37,"2":26,"3":1,"4":1,"5":5,"6":4,"7":1,"8":1,"9":2,"10":1,"11":1,"12":2,"13":2,"14":3,"15":1,"16":2,"17":4,"18":4,"19":2,"20":2,"21":2,"22":1,"23":1,"24":1,"25":17,"26":8}}
,"/home/ec2-user/inkbox/sdk/typescript/src/index.ts": {"path":"/home/ec2-user/inkbox/sdk/typescript/src/index.ts","all":true,"statementMap":{"0":{"start":{"line":1,"column":0},"end":{"line":1,"column":37}}},"s":{"0":0},"branchMap":{"0":{"type":"branch","line":1,"loc":{"start":{"line":1,"column":637},"end":{"line":25,"column":31}},"locations":[{"start":{"line":1,"column":637},"end":{"line":25,"column":31}}]}},"b":{"0":[0]},"fnMap":{"0":{"name":"(empty-report)","decl":{"start":{"line":1,"column":637},"end":{"line":25,"column":31}},"loc":{"start":{"line":1,"column":637},"end":{"line":25,"column":31}},"line":1}},"f":{"0":0}}
,"/home/ec2-user/inkbox/sdk/typescript/src/inkbox.ts": {"path":"/home/ec2-user/inkbox/sdk/typescript/src/inkbox.ts","all":false,"statementMap":{"0":{"start":{"line":1,"column":0},"end":{"line":1,"column":3}},"19":{"start":{"line":20,"column":0},"end":{"line":20,"column":49}},"54":{"start":{"line":55,"column":0},"end":{"line":55,"column":21}},"55":{"start":{"line":56,"column":0},"end":{"line":56,"column":41}},"56":{"start":{"line":57,"column":0},"end":{"line":57,"column":39}},"57":{"start":{"line":58,"column":0},"end":{"line":58,"column":37}},"58":{"start":{"line":59,"column":0},"end":{"line":59,"column":45}},"59":{"start":{"line":60,"column":0},"end":{"line":60,"column":42}},"60":{"start":{"line":61,"column":0},"end":{"line":61,"column":33}},"61":{"start":{"line":62,"column":0},"end":{"line":62,"column":45}},"62":{"start":{"line":63,"column":0},"end":{"line":63,"column":44}},"64":{"start":{"line":65,"column":0},"end":{"line":65,"column":39}},"65":{"start":{"line":66,"column":0},"end":{"line":66,"column":89}},"66":{"start":{"line":67,"column":0},"end":{"line":67,"column":43}},"68":{"start":{"line":69,"column":0},"end":{"line":69,"column":79}},"69":{"start":{"line":70,"column":0},"end":{"line":70,"column":80}},"70":{"start":{"line":71,"column":0},"end":{"line":71,"column":85}},"71":{"start":{"line":72,"column":0},"end":{"line":72,"column":69}},"73":{"start":{"line":74,"column":0},"end":{"line":74,"column":56}},"74":{"start":{"line":75,"column":0},"end":{"line":75,"column":55}},"75":{"start":{"line":76,"column":0},"end":{"line":76,"column":54}},"76":{"start":{"line":77,"column":0},"end":{"line":77,"column":57}},"78":{"start":{"line":79,"column":0},"end":{"line":79,"column":60}},"79":{"start":{"line":80,"column":0},"end":{"line":80,"column":53}},"80":{"start":{"line":81,"column":0},"end":{"line":81,"column":59}},"82":{"start":{"line":83,"column":0},"end":{"line":83,"column":56}},"83":{"start":{"line":84,"column":0},"end":{"line":84,"column":3}},"90":{"start":{"line":91,"column":0},"end":{"line":91,"column":64}},"93":{"start":{"line":94,"column":0},"end":{"line":94,"column":68}},"105":{"start":{"line":106,"column":0},"end":{"line":106,"column":69}},"106":{"start":{"line":107,"column":0},"end":{"line":107,"column":52}},"109":{"start":{"line":110,"column":0},"end":{"line":110,"column":58}},"110":{"start":{"line":111,"column":0},"end":{"line":111,"column":41}},"111":{"start":{"line":112,"column":0},"end":{"line":112,"column":3}},"119":{"start":{"line":120,"column":0},"end":{"line":120,"column":66}},"120":{"start":{"line":121,"column":0},"end":{"line":121,"column":77}},"121":{"start":{"line":122,"column":0},"end":{"line":122,"column":3}},"128":{"start":{"line":129,"column":0},"end":{"line":129,"column":59}},"129":{"start":{"line":130,"column":0},"end":{"line":130,"column":36}},"130":{"start":{"line":131,"column":0},"end":{"line":131,"column":3}},"139":{"start":{"line":140,"column":0},"end":{"line":140,"column":49}},"140":{"start":{"line":141,"column":0},"end":{"line":141,"column":46}},"141":{"start":{"line":142,"column":0},"end":{"line":142,"column":3}},"142":{"start":{"line":143,"column":0},"end":{"line":143,"column":1}}},"s":{"0":1,"19":1,"54":1,"55":1,"56":8,"57":8,"58":8,"59":8,"60":8,"61":8,"62":8,"64":1,"65":8,"66":8,"68":8,"69":8,"70":8,"71":8,"73":8,"74":8,"75":8,"76":8,"78":8,"79":8,"80":8,"82":8,"83":8,"90":1,"93":1,"105":1,"106":1,"109":1,"110":1,"111":1,"119":1,"120":1,"121":1,"128":1,"129":1,"130":1,"139":1,"140":1,"141":1,"142":1},"branchMap":{"0":{"type":"branch","line":56,"loc":{"start":{"line":56,"column":11},"end":{"line":63,"column":44}},"locations":[{"start":{"line":56,"column":11},"end":{"line":63,"column":44}}]},"1":{"type":"branch","line":65,"loc":{"start":{"line":65,"column":2},"end":{"line":84,"column":3}},"locations":[{"start":{"line":65,"column":2},"end":{"line":84,"column":3}}]},"2":{"type":"branch","line":66,"loc":{"start":{"line":66,"column":32},"end":{"line":66,"column":61}},"locations":[{"start":{"line":66,"column":32},"end":{"line":66,"column":61}}]},"3":{"type":"branch","line":91,"loc":{"start":{"line":91,"column":2},"end":{"line":91,"column":64}},"locations":[{"start":{"line":91,"column":2},"end":{"line":91,"column":64}}]},"4":{"type":"branch","line":94,"loc":{"start":{"line":94,"column":2},"end":{"line":94,"column":68}},"locations":[{"start":{"line":94,"column":2},"end":{"line":94,"column":68}}]},"5":{"type":"branch","line":106,"loc":{"start":{"line":106,"column":2},"end":{"line":112,"column":3}},"locations":[{"start":{"line":106,"column":2},"end":{"line":112,"column":3}}]},"6":{"type":"branch","line":120,"loc":{"start":{"line":120,"column":2},"end":{"line":122,"column":3}},"locations":[{"start":{"line":120,"column":2},"end":{"line":122,"column":3}}]},"7":{"type":"branch","line":129,"loc":{"start":{"line":129,"column":2},"end":{"line":131,"column":3}},"locations":[{"start":{"line":129,"column":2},"end":{"line":131,"column":3}}]},"8":{"type":"branch","line":140,"loc":{"start":{"line":140,"column":2},"end":{"line":142,"column":3}},"locations":[{"start":{"line":140,"column":2},"end":{"line":142,"column":3}}]}},"b":{"0":[8],"1":[8],"2":[1],"3":[3],"4":[1],"5":[1],"6":[1],"7":[1],"8":[1]},"fnMap":{"0":{"name":"<instance_members_initializer>","decl":{"start":{"line":56,"column":11},"end":{"line":63,"column":44}},"loc":{"start":{"line":56,"column":11},"end":{"line":63,"column":44}},"line":56},"1":{"name":"Inkbox","decl":{"start":{"line":65,"column":2},"end":{"line":84,"column":3}},"loc":{"start":{"line":65,"column":2},"end":{"line":84,"column":3}},"line":65},"2":{"name":"get mailboxes","decl":{"start":{"line":91,"column":2},"end":{"line":91,"column":64}},"loc":{"start":{"line":91,"column":2},"end":{"line":91,"column":64}},"line":91},"3":{"name":"get phoneNumbers","decl":{"start":{"line":94,"column":2},"end":{"line":94,"column":68}},"loc":{"start":{"line":94,"column":2},"end":{"line":94,"column":68}},"line":94},"4":{"name":"createIdentity","decl":{"start":{"line":106,"column":2},"end":{"line":112,"column":3}},"loc":{"start":{"line":106,"column":2},"end":{"line":112,"column":3}},"line":106},"5":{"name":"getIdentity","decl":{"start":{"line":120,"column":2},"end":{"line":122,"column":3}},"loc":{"start":{"line":120,"column":2},"end":{"line":122,"column":3}},"line":120},"6":{"name":"listIdentities","decl":{"start":{"line":129,"column":2},"end":{"line":131,"column":3}},"loc":{"start":{"line":129,"column":2},"end":{"line":131,"column":3}},"line":129},"7":{"name":"createSigningKey","decl":{"start":{"line":140,"column":2},"end":{"line":142,"column":3}},"loc":{"start":{"line":140,"column":2},"end":{"line":142,"column":3}},"line":140}},"f":{"0":8,"1":8,"2":3,"3":1,"4":1,"5":1,"6":1,"7":1}}
,"/home/ec2-user/inkbox/sdk/typescript/src/signing_keys.ts": {"path":"/home/ec2-user/inkbox/sdk/typescript/src/signing_keys.ts","all":false,"statementMap":{"0":{"start":{"line":1,"column":0},"end":{"line":1,"column":3}},"9":{"start":{"line":10,"column":0},"end":{"line":10,"column":29}},"22":{"start":{"line":23,"column":0},"end":{"line":23,"column":56}},"23":{"start":{"line":24,"column":0},"end":{"line":24,"column":10}},"24":{"start":{"line":25,"column":0},"end":{"line":25,"column":30}},"25":{"start":{"line":26,"column":0},"end":{"line":26,"column":38}},"26":{"start":{"line":27,"column":0},"end":{"line":27,"column":4}},"27":{"start":{"line":28,"column":0},"end":{"line":28,"column":1}},"37":{"start":{"line":38,"column":0},"end":{"line":38,"column":31}},"38":{"start":{"line":39,"column":0},"end":{"line":39,"column":10}},"39":{"start":{"line":40,"column":0},"end":{"line":40,"column":10}},"40":{"start":{"line":41,"column":0},"end":{"line":41,"column":9}},"41":{"start":{"line":42,"column":0},"end":{"line":42,"column":4}},"45":{"start":{"line":46,"column":0},"end":{"line":46,"column":13}},"46":{"start":{"line":47,"column":0},"end":{"line":47,"column":51}},"47":{"start":{"line":48,"column":0},"end":{"line":48,"column":49}},"48":{"start":{"line":49,"column":0},"end":{"line":49,"column":53}},"49":{"start":{"line":50,"column":0},"end":{"line":50,"column":3}},"50":{"start":{"line":51,"column":0},"end":{"line":51,"column":50}},"51":{"start":{"line":52,"column":0},"end":{"line":52,"column":51}},"52":{"start":{"line":53,"column":0},"end":{"line":53,"column":50}},"53":{"start":{"line":54,"column":0},"end":{"line":54,"column":53}},"54":{"start":{"line":55,"column":0},"end":{"line":55,"column":83}},"55":{"start":{"line":56,"column":0},"end":{"line":56,"column":76}},"56":{"start":{"line":57,"column":0},"end":{"line":57,"column":83}},"57":{"start":{"line":58,"column":0},"end":{"line":58,"column":75}},"58":{"start":{"line":59,"column":0},"end":{"line":59,"column":53}},"59":{"start":{"line":60,"column":0},"end":{"line":60,"column":71}},"60":{"start":{"line":61,"column":0},"end":{"line":61,"column":1}},"62":{"start":{"line":63,"column":0},"end":{"line":63,"column":34}},"63":{"start":{"line":64,"column":0},"end":{"line":64,"column":54}},"75":{"start":{"line":76,"column":0},"end":{"line":76,"column":47}},"76":{"start":{"line":77,"column":0},"end":{"line":77,"column":63}},"77":{"start":{"line":78,"column":0},"end":{"line":78,"column":33}},"78":{"start":{"line":79,"column":0},"end":{"line":79,"column":3}},"79":{"start":{"line":80,"column":0},"end":{"line":80,"column":1}}},"s":{"0":1,"9":1,"22":2,"23":2,"24":2,"25":2,"26":2,"27":2,"37":1,"38":10,"39":10,"40":10,"41":10,"45":10,"46":10,"47":10,"48":27,"49":27,"50":10,"51":10,"52":10,"53":10,"54":10,"55":10,"56":10,"57":10,"58":10,"59":10,"60":10,"62":1,"63":1,"75":1,"76":2,"77":2,"78":2,"79":1},"branchMap":{"0":{"type":"branch","line":23,"loc":{"start":{"line":23,"column":0},"end":{"line":28,"column":1}},"locations":[{"start":{"line":23,"column":0},"end":{"line":28,"column":1}}]},"1":{"type":"branch","line":38,"loc":{"start":{"line":38,"column":7},"end":{"line":61,"column":1}},"locations":[{"start":{"line":38,"column":7},"end":{"line":61,"column":1}}]},"2":{"type":"branch","line":48,"loc":{"start":{"line":48,"column":48},"end":{"line":50,"column":3}},"locations":[{"start":{"line":48,"column":48},"end":{"line":50,"column":3}}]},"3":{"type":"branch","line":49,"loc":{"start":{"line":49,"column":40},"end":{"line":49,"column":51}},"locations":[{"start":{"line":49,"column":40},"end":{"line":49,"column":51}}]},"4":{"type":"branch","line":51,"loc":{"start":{"line":51,"column":42},"end":{"line":51,"column":50}},"locations":[{"start":{"line":51,"column":42},"end":{"line":51,"column":50}}]},"5":{"type":"branch","line":52,"loc":{"start":{"line":52,"column":43},"end":{"line":52,"column":51}},"locations":[{"start":{"line":52,"column":43},"end":{"line":52,"column":51}}]},"6":{"type":"branch","line":53,"loc":{"start":{"line":53,"column":42},"end":{"line":53,"column":50}},"locations":[{"start":{"line":53,"column":42},"end":{"line":53,"column":50}}]},"7":{"type":"branch","line":54,"loc":{"start":{"line":54,"column":40},"end":{"line":54,"column":53}},"locations":[{"start":{"line":54,"column":40},"end":{"line":54,"column":53}}]},"8":{"type":"branch","line":54,"loc":{"start":{"line":54,"column":47},"end":{"line":55,"column":44}},"locations":[{"start":{"line":54,"column":47},"end":{"line":55,"column":44}}]},"9":{"type":"branch","line":55,"loc":{"start":{"line":55,"column":40},"end":{"line":55,"column":76}},"locations":[{"start":{"line":55,"column":40},"end":{"line":55,"column":76}}]},"10":{"type":"branch","line":55,"loc":{"start":{"line":55,"column":72},"end":{"line":55,"column":83}},"locations":[{"start":{"line":55,"column":72},"end":{"line":55,"column":83}}]},"11":{"type":"branch","line":56,"loc":{"start":{"line":56,"column":34},"end":{"line":56,"column":68}},"locations":[{"start":{"line":56,"column":34},"end":{"line":56,"column":68}}]},"12":{"type":"branch","line":56,"loc":{"start":{"line":56,"column":64},"end":{"line":56,"column":76}},"locations":[{"start":{"line":56,"column":64},"end":{"line":56,"column":76}}]},"13":{"type":"branch","line":64,"loc":{"start":{"line":64,"column":2},"end":{"line":64,"column":54}},"locations":[{"start":{"line":64,"column":2},"end":{"line":64,"column":54}}]},"14":{"type":"branch","line":76,"loc":{"start":{"line":76,"column":2},"end":{"line":79,"column":3}},"locations":[{"start":{"line":76,"column":2},"end":{"line":79,"column":3}}]}},"b":{"0":[2],"1":[10],"2":[27],"3":[0],"4":[1],"5":[1],"6":[1],"7":[2],"8":[8],"9":[1],"10":[7],"11":[1],"12":[7],"13":[10],"14":[2]},"fnMap":{"0":{"name":"parseSigningKey","decl":{"start":{"line":23,"column":0},"end":{"line":28,"column":1}},"loc":{"start":{"line":23,"column":0},"end":{"line":28,"column":1}},"line":23},"1":{"name":"verifyWebhook","decl":{"start":{"line":38,"column":7},"end":{"line":61,"column":1}},"loc":{"start":{"line":38,"column":7},"end":{"line":61,"column":1}},"line":38},"2":{"name":"SigningKeysResource","decl":{"start":{"line":64,"column":2},"end":{"line":64,"column":54}},"loc":{"start":{"line":64,"column":2},"end":{"line":64,"column":54}},"line":64},"3":{"name":"createOrRotate","decl":{"start":{"line":76,"column":2},"end":{"line":79,"column":3}},"loc":{"start":{"line":76,"column":2},"end":{"line":79,"column":3}},"line":76}},"f":{"0":2,"1":10,"2":10,"3":2}}
,"/home/ec2-user/inkbox/sdk/typescript/src/identities/types.ts": {"path":"/home/ec2-user/inkbox/sdk/typescript/src/identities/types.ts","all":false,"statementMap":{"85":{"start":{"line":86,"column":0},"end":{"line":86,"column":78}},"86":{"start":{"line":87,"column":0},"end":{"line":87,"column":10}},"87":{"start":{"line":88,"column":0},"end":{"line":88,"column":13}},"88":{"start":{"line":89,"column":0},"end":{"line":89,"column":34}},"89":{"start":{"line":90,"column":0},"end":{"line":90,"column":32}},"90":{"start":{"line":91,"column":0},"end":{"line":91,"column":21}},"91":{"start":{"line":92,"column":0},"end":{"line":92,"column":38}},"92":{"start":{"line":93,"column":0},"end":{"line":93,"column":38}},"93":{"start":{"line":94,"column":0},"end":{"line":94,"column":4}},"94":{"start":{"line":95,"column":0},"end":{"line":95,"column":1}},"96":{"start":{"line":97,"column":0},"end":{"line":97,"column":90}},"97":{"start":{"line":98,"column":0},"end":{"line":98,"column":10}},"98":{"start":{"line":99,"column":0},"end":{"line":99,"column":13}},"99":{"start":{"line":100,"column":0},"end":{"line":100,"column":21}},"100":{"start":{"line":101,"column":0},"end":{"line":101,"column":17}},"101":{"start":{"line":102,"column":0},"end":{"line":102,"column":21}},"102":{"start":{"line":103,"column":0},"end":{"line":103,"column":47}},"103":{"start":{"line":104,"column":0},"end":{"line":104,"column":47}},"104":{"start":{"line":105,"column":0},"end":{"line":105,"column":38}},"105":{"start":{"line":106,"column":0},"end":{"line":106,"column":38}},"106":{"start":{"line":107,"column":0},"end":{"line":107,"column":4}},"107":{"start":{"line":108,"column":0},"end":{"line":108,"column":1}},"109":{"start":{"line":110,"column":0},"end":{"line":110,"column":93}},"110":{"start":{"line":111,"column":0},"end":{"line":111,"column":10}},"111":{"start":{"line":112,"column":0},"end":{"line":112,"column":13}},"112":{"start":{"line":113,"column":0},"end":{"line":113,"column":38}},"113":{"start":{"line":114,"column":0},"end":{"line":114,"column":32}},"114":{"start":{"line":115,"column":0},"end":{"line":115,"column":21}},"115":{"start":{"line":116,"column":0},"end":{"line":116,"column":38}},"116":{"start":{"line":117,"column":0},"end":{"line":117,"column":38}},"117":{"start":{"line":118,"column":0},"end":{"line":118,"column":4}},"118":{"start":{"line":119,"column":0},"end":{"line":119,"column":1}},"120":{"start":{"line":121,"column":0},"end":{"line":121,"column":85}},"121":{"start":{"line":122,"column":0},"end":{"line":122,"column":10}},"122":{"start":{"line":123,"column":0},"end":{"line":123,"column":36}},"123":{"start":{"line":124,"column":0},"end":{"line":124,"column":64}},"124":{"start":{"line":125,"column":0},"end":{"line":125,"column":82}},"125":{"start":{"line":126,"column":0},"end":{"line":126,"column":4}},"126":{"start":{"line":127,"column":0},"end":{"line":127,"column":1}}},"s":{"85":1,"86":7,"87":7,"88":7,"89":7,"90":7,"91":7,"92":7,"93":7,"94":7,"96":1,"97":9,"98":9,"99":9,"100":9,"101":9,"102":9,"103":9,"104":9,"105":9,"106":9,"107":9,"109":1,"110":15,"111":15,"112":15,"113":15,"114":15,"115":15,"116":15,"117":15,"118":15,"120":1,"121":9,"122":9,"123":9,"124":9,"125":9,"126":9},"branchMap":{"0":{"type":"branch","line":86,"loc":{"start":{"line":86,"column":7},"end":{"line":95,"column":1}},"locations":[{"start":{"line":86,"column":7},"end":{"line":95,"column":1}}]},"1":{"type":"branch","line":97,"loc":{"start":{"line":97,"column":7},"end":{"line":108,"column":1}},"locations":[{"start":{"line":97,"column":7},"end":{"line":108,"column":1}}]},"2":{"type":"branch","line":110,"loc":{"start":{"line":110,"column":7},"end":{"line":119,"column":1}},"locations":[{"start":{"line":110,"column":7},"end":{"line":119,"column":1}}]},"3":{"type":"branch","line":121,"loc":{"start":{"line":121,"column":7},"end":{"line":127,"column":1}},"locations":[{"start":{"line":121,"column":7},"end":{"line":127,"column":1}}]},"4":{"type":"branch","line":124,"loc":{"start":{"line":124,"column":15},"end":{"line":124,"column":59}},"locations":[{"start":{"line":124,"column":15},"end":{"line":124,"column":59}}]},"5":{"type":"branch","line":124,"loc":{"start":{"line":124,"column":55},"end":{"line":124,"column":64}},"locations":[{"start":{"line":124,"column":55},"end":{"line":124,"column":64}}]},"6":{"type":"branch","line":125,"loc":{"start":{"line":125,"column":19},"end":{"line":125,"column":77}},"locations":[{"start":{"line":125,"column":19},"end":{"line":125,"column":77}}]},"7":{"type":"branch","line":125,"loc":{"start":{"line":125,"column":73},"end":{"line":125,"column":82}},"locations":[{"start":{"line":125,"column":73},"end":{"line":125,"column":82}}]}},"b":{"0":[7],"1":[9],"2":[15],"3":[9],"4":[6],"5":[3],"6":[8],"7":[1]},"fnMap":{"0":{"name":"parseIdentityMailbox","decl":{"start":{"line":86,"column":7},"end":{"line":95,"column":1}},"loc":{"start":{"line":86,"column":7},"end":{"line":95,"column":1}},"line":86},"1":{"name":"parseIdentityPhoneNumber","decl":{"start":{"line":97,"column":7},"end":{"line":108,"column":1}},"loc":{"start":{"line":97,"column":7},"end":{"line":108,"column":1}},"line":97},"2":{"name":"parseAgentIdentitySummary","decl":{"start":{"line":110,"column":7},"end":{"line":119,"column":1}},"loc":{"start":{"line":110,"column":7},"end":{"line":119,"column":1}},"line":110},"3":{"name":"parseAgentIdentityData","decl":{"start":{"line":121,"column":7},"end":{"line":127,"column":1}},"loc":{"start":{"line":121,"column":7},"end":{"line":127,"column":1}},"line":121}},"f":{"0":7,"1":9,"2":15,"3":9}}
,"/home/ec2-user/inkbox/sdk/typescript/src/identities/resources/identities.ts": {"path":"/home/ec2-user/inkbox/sdk/typescript/src/identities/resources/identities.ts","all":false,"statementMap":{"0":{"start":{"line":1,"column":0},"end":{"line":1,"column":3}},"16":{"start":{"line":17,"column":0},"end":{"line":17,"column":33}},"17":{"start":{"line":18,"column":0},"end":{"line":18,"column":54}},"25":{"start":{"line":26,"column":0},"end":{"line":26,"column":81}},"26":{"start":{"line":27,"column":0},"end":{"line":27,"column":69}},"27":{"start":{"line":28,"column":0},"end":{"line":28,"column":40}},"28":{"start":{"line":29,"column":0},"end":{"line":29,"column":7}},"29":{"start":{"line":30,"column":0},"end":{"line":30,"column":43}},"30":{"start":{"line":31,"column":0},"end":{"line":31,"column":3}},"33":{"start":{"line":34,"column":0},"end":{"line":34,"column":49}},"34":{"start":{"line":35,"column":0},"end":{"line":35,"column":69}},"35":{"start":{"line":36,"column":0},"end":{"line":36,"column":47}},"36":{"start":{"line":37,"column":0},"end":{"line":37,"column":3}},"43":{"start":{"line":44,"column":0},"end":{"line":44,"column":63}},"44":{"start":{"line":45,"column":0},"end":{"line":45,"column":78}},"45":{"start":{"line":46,"column":0},"end":{"line":46,"column":40}},"46":{"start":{"line":47,"column":0},"end":{"line":47,"column":3}},"57":{"start":{"line":58,"column":0},"end":{"line":58,"column":15}},"58":{"start":{"line":59,"column":0},"end":{"line":59,"column":24}},"59":{"start":{"line":60,"column":0},"end":{"line":60,"column":53}},"60":{"start":{"line":61,"column":0},"end":{"line":61,"column":36}},"61":{"start":{"line":62,"column":0},"end":{"line":62,"column":45}},"62":{"start":{"line":63,"column":0},"end":{"line":63,"column":82}},"63":{"start":{"line":64,"column":0},"end":{"line":64,"column":70}},"64":{"start":{"line":65,"column":0},"end":{"line":65,"column":89}},"65":{"start":{"line":66,"column":0},"end":{"line":66,"column":43}},"66":{"start":{"line":67,"column":0},"end":{"line":67,"column":3}},"75":{"start":{"line":76,"column":0},"end":{"line":76,"column":52}},"76":{"start":{"line":77,"column":0},"end":{"line":77,"column":46}},"77":{"start":{"line":78,"column":0},"end":{"line":78,"column":3}},"85":{"start":{"line":86,"column":0},"end":{"line":86,"column":22}},"86":{"start":{"line":87,"column":0},"end":{"line":87,"column":24}},"87":{"start":{"line":88,"column":0},"end":{"line":88,"column":35}},"88":{"start":{"line":89,"column":0},"end":{"line":89,"column":34}},"89":{"start":{"line":90,"column":0},"end":{"line":90,"column":60}},"90":{"start":{"line":91,"column":0},"end":{"line":91,"column":32}},"91":{"start":{"line":92,"column":0},"end":{"line":92,"column":40}},"92":{"start":{"line":93,"column":0},"end":{"line":93,"column":6}},"93":{"start":{"line":94,"column":0},"end":{"line":94,"column":40}},"94":{"start":{"line":95,"column":0},"end":{"line":95,"column":3}},"101":{"start":{"line":102,"column":0},"end":{"line":102,"column":59}},"102":{"start":{"line":103,"column":0},"end":{"line":103,"column":54}},"103":{"start":{"line":104,"column":0},"end":{"line":104,"column":3}},"111":{"start":{"line":112,"column":0},"end":{"line":112,"column":26}},"112":{"start":{"line":113,"column":0},"end":{"line":113,"column":24}},"113":{"start":{"line":114,"column":0},"end":{"line":114,"column":39}},"114":{"start":{"line":115,"column":0},"end":{"line":115,"column":34}},"115":{"start":{"line":116,"column":0},"end":{"line":116,"column":60}},"116":{"start":{"line":117,"column":0},"end":{"line":117,"column":37}},"117":{"start":{"line":118,"column":0},"end":{"line":118,"column":49}},"118":{"start":{"line":119,"column":0},"end":{"line":119,"column":6}},"119":{"start":{"line":120,"column":0},"end":{"line":120,"column":40}},"120":{"start":{"line":121,"column":0},"end":{"line":121,"column":3}},"127":{"start":{"line":128,"column":0},"end":{"line":128,"column":63}},"128":{"start":{"line":129,"column":0},"end":{"line":129,"column":59}},"129":{"start":{"line":130,"column":0},"end":{"line":130,"column":3}},"130":{"start":{"line":131,"column":0},"end":{"line":131,"column":1}}},"s":{"0":1,"16":1,"17":1,"25":1,"26":1,"27":1,"28":1,"29":1,"30":1,"33":1,"34":2,"35":2,"36":2,"43":1,"44":1,"45":1,"46":1,"57":1,"58":3,"59":3,"60":3,"61":3,"62":3,"63":3,"64":3,"65":3,"66":3,"75":1,"76":1,"77":1,"85":1,"86":1,"87":1,"88":1,"89":1,"90":1,"91":1,"92":1,"93":1,"94":1,"101":1,"102":1,"103":1,"111":1,"112":1,"113":1,"114":1,"115":1,"116":1,"117":1,"118":1,"119":1,"120":1,"127":1,"128":1,"129":1,"130":1},"branchMap":{"0":{"type":"branch","line":18,"loc":{"start":{"line":18,"column":2},"end":{"line":18,"column":54}},"locations":[{"start":{"line":18,"column":2},"end":{"line":18,"column":54}}]},"1":{"type":"branch","line":26,"loc":{"start":{"line":26,"column":2},"end":{"line":31,"column":3}},"locations":[{"start":{"line":26,"column":2},"end":{"line":31,"column":3}}]},"2":{"type":"branch","line":34,"loc":{"start":{"line":34,"column":2},"end":{"line":37,"column":3}},"locations":[{"start":{"line":34,"column":2},"end":{"line":37,"column":3}}]},"3":{"type":"branch","line":44,"loc":{"start":{"line":44,"column":2},"end":{"line":47,"column":3}},"locations":[{"start":{"line":44,"column":2},"end":{"line":47,"column":3}}]},"4":{"type":"branch","line":58,"loc":{"start":{"line":58,"column":2},"end":{"line":67,"column":3}},"locations":[{"start":{"line":58,"column":2},"end":{"line":67,"column":3}}]},"5":{"type":"branch","line":63,"loc":{"start":{"line":63,"column":41},"end":{"line":63,"column":82}},"locations":[{"start":{"line":63,"column":41},"end":{"line":63,"column":82}}]},"6":{"type":"branch","line":64,"loc":{"start":{"line":64,"column":38},"end":{"line":64,"column":70}},"locations":[{"start":{"line":64,"column":38},"end":{"line":64,"column":70}}]},"7":{"type":"branch","line":76,"loc":{"start":{"line":76,"column":2},"end":{"line":78,"column":3}},"locations":[{"start":{"line":76,"column":2},"end":{"line":78,"column":3}}]},"8":{"type":"branch","line":86,"loc":{"start":{"line":86,"column":2},"end":{"line":95,"column":3}},"locations":[{"start":{"line":86,"column":2},"end":{"line":95,"column":3}}]},"9":{"type":"branch","line":102,"loc":{"start":{"line":102,"column":2},"end":{"line":104,"column":3}},"locations":[{"start":{"line":102,"column":2},"end":{"line":104,"column":3}}]},"10":{"type":"branch","line":112,"loc":{"start":{"line":112,"column":2},"end":{"line":121,"column":3}},"locations":[{"start":{"line":112,"column":2},"end":{"line":121,"column":3}}]},"11":{"type":"branch","line":128,"loc":{"start":{"line":128,"column":2},"end":{"line":130,"column":3}},"locations":[{"start":{"line":128,"column":2},"end":{"line":130,"column":3}}]}},"b":{"0":[20],"1":[1],"2":[2],"3":[1],"4":[3],"5":[1],"6":[2],"7":[1],"8":[1],"9":[1],"10":[1],"11":[1]},"fnMap":{"0":{"name":"IdentitiesResource","decl":{"start":{"line":18,"column":2},"end":{"line":18,"column":54}},"loc":{"start":{"line":18,"column":2},"end":{"line":18,"column":54}},"line":18},"1":{"name":"create","decl":{"start":{"line":26,"column":2},"end":{"line":31,"column":3}},"loc":{"start":{"line":26,"column":2},"end":{"line":31,"column":3}},"line":26},"2":{"name":"list","decl":{"start":{"line":34,"column":2},"end":{"line":37,"column":3}},"loc":{"start":{"line":34,"column":2},"end":{"line":37,"column":3}},"line":34},"3":{"name":"get","decl":{"start":{"line":44,"column":2},"end":{"line":47,"column":3}},"loc":{"start":{"line":44,"column":2},"end":{"line":47,"column":3}},"line":44},"4":{"name":"update","decl":{"start":{"line":58,"column":2},"end":{"line":67,"column":3}},"loc":{"start":{"line":58,"column":2},"end":{"line":67,"column":3}},"line":58},"5":{"name":"delete","decl":{"start":{"line":76,"column":2},"end":{"line":78,"column":3}},"loc":{"start":{"line":76,"column":2},"end":{"line":78,"column":3}},"line":76},"6":{"name":"assignMailbox","decl":{"start":{"line":86,"column":2},"end":{"line":95,"column":3}},"loc":{"start":{"line":86,"column":2},"end":{"line":95,"column":3}},"line":86},"7":{"name":"unlinkMailbox","decl":{"start":{"line":102,"column":2},"end":{"line":104,"column":3}},"loc":{"start":{"line":102,"column":2},"end":{"line":104,"column":3}},"line":102},"8":{"name":"assignPhoneNumber","decl":{"start":{"line":112,"column":2},"end":{"line":121,"column":3}},"loc":{"start":{"line":112,"column":2},"end":{"line":121,"column":3}},"line":112},"9":{"name":"unlinkPhoneNumber","decl":{"start":{"line":128,"column":2},"end":{"line":130,"column":3}},"loc":{"start":{"line":128,"column":2},"end":{"line":130,"column":3}},"line":128}},"f":{"0":20,"1":1,"2":2,"3":1,"4":3,"5":1,"6":1,"7":1,"8":1,"9":1}}
,"/home/ec2-user/inkbox/sdk/typescript/src/mail/types.ts": {"path":"/home/ec2-user/inkbox/sdk/typescript/src/mail/types.ts","all":false,"statementMap":{"122":{"start":{"line":123,"column":0},"end":{"line":123,"column":54}},"123":{"start":{"line":124,"column":0},"end":{"line":124,"column":10}},"124":{"start":{"line":125,"column":0},"end":{"line":125,"column":13}},"125":{"start":{"line":126,"column":0},"end":{"line":126,"column":34}},"126":{"start":{"line":127,"column":0},"end":{"line":127,"column":32}},"127":{"start":{"line":128,"column":0},"end":{"line":128,"column":30}},"128":{"start":{"line":129,"column":0},"end":{"line":129,"column":21}},"129":{"start":{"line":130,"column":0},"end":{"line":130,"column":38}},"130":{"start":{"line":131,"column":0},"end":{"line":131,"column":38}},"131":{"start":{"line":132,"column":0},"end":{"line":132,"column":4}},"132":{"start":{"line":133,"column":0},"end":{"line":133,"column":1}},"134":{"start":{"line":135,"column":0},"end":{"line":135,"column":54}},"135":{"start":{"line":136,"column":0},"end":{"line":136,"column":10}},"136":{"start":{"line":137,"column":0},"end":{"line":137,"column":13}},"137":{"start":{"line":138,"column":0},"end":{"line":138,"column":28}},"138":{"start":{"line":139,"column":0},"end":{"line":139,"column":26}},"139":{"start":{"line":140,"column":0},"end":{"line":140,"column":28}},"140":{"start":{"line":141,"column":0},"end":{"line":141,"column":32}},"141":{"start":{"line":142,"column":0},"end":{"line":142,"column":32}},"142":{"start":{"line":143,"column":0},"end":{"line":143,"column":40}},"143":{"start":{"line":144,"column":0},"end":{"line":144,"column":23}},"144":{"start":{"line":145,"column":0},"end":{"line":145,"column":23}},"145":{"start":{"line":146,"column":0},"end":{"line":146,"column":53}},"146":{"start":{"line":147,"column":0},"end":{"line":147,"column":21}},"147":{"start":{"line":148,"column":0},"end":{"line":148,"column":22}},"148":{"start":{"line":149,"column":0},"end":{"line":149,"column":28}},"149":{"start":{"line":150,"column":0},"end":{"line":150,"column":38}},"150":{"start":{"line":151,"column":0},"end":{"line":151,"column":38}},"151":{"start":{"line":152,"column":0},"end":{"line":152,"column":4}},"152":{"start":{"line":153,"column":0},"end":{"line":153,"column":1}},"154":{"start":{"line":155,"column":0},"end":{"line":155,"column":66}},"155":{"start":{"line":156,"column":0},"end":{"line":156,"column":10}},"156":{"start":{"line":157,"column":0},"end":{"line":157,"column":23}},"157":{"start":{"line":158,"column":0},"end":{"line":158,"column":34}},"158":{"start":{"line":159,"column":0},"end":{"line":159,"column":34}},"159":{"start":{"line":160,"column":0},"end":{"line":160,"column":42}},"160":{"start":{"line":161,"column":0},"end":{"line":161,"column":37}},"161":{"start":{"line":162,"column":0},"end":{"line":162,"column":37}},"162":{"start":{"line":163,"column":0},"end":{"line":163,"column":54}},"163":{"start":{"line":164,"column":0},"end":{"line":164,"column":43}},"164":{"start":{"line":165,"column":0},"end":{"line":165,"column":39}},"165":{"start":{"line":166,"column":0},"end":{"line":166,"column":4}},"166":{"start":{"line":167,"column":0},"end":{"line":167,"column":1}},"168":{"start":{"line":169,"column":0},"end":{"line":169,"column":51}},"169":{"start":{"line":170,"column":0},"end":{"line":170,"column":10}},"170":{"start":{"line":171,"column":0},"end":{"line":171,"column":13}},"171":{"start":{"line":172,"column":0},"end":{"line":172,"column":28}},"172":{"start":{"line":173,"column":0},"end":{"line":173,"column":23}},"173":{"start":{"line":174,"column":0},"end":{"line":174,"column":21}},"174":{"start":{"line":175,"column":0},"end":{"line":175,"column":34}},"175":{"start":{"line":176,"column":0},"end":{"line":176,"column":47}},"176":{"start":{"line":177,"column":0},"end":{"line":177,"column":38}},"177":{"start":{"line":178,"column":0},"end":{"line":178,"column":4}},"178":{"start":{"line":179,"column":0},"end":{"line":179,"column":1}},"180":{"start":{"line":181,"column":0},"end":{"line":181,"column":63}},"181":{"start":{"line":182,"column":0},"end":{"line":182,"column":10}},"182":{"start":{"line":183,"column":0},"end":{"line":183,"column":22}},"183":{"start":{"line":184,"column":0},"end":{"line":184,"column":51}},"184":{"start":{"line":185,"column":0},"end":{"line":185,"column":4}},"185":{"start":{"line":186,"column":0},"end":{"line":186,"column":1}}},"s":{"122":1,"123":7,"124":7,"125":7,"126":7,"127":7,"128":7,"129":7,"130":7,"131":7,"132":7,"134":1,"135":21,"136":21,"137":21,"138":21,"139":21,"140":21,"141":21,"142":21,"143":21,"144":21,"145":21,"146":21,"147":21,"148":21,"149":21,"150":21,"151":21,"152":21,"154":1,"155":3,"156":3,"157":3,"158":3,"159":3,"160":3,"161":3,"162":3,"163":3,"164":3,"165":3,"166":3,"168":1,"169":8,"170":8,"171":8,"172":8,"173":8,"174":8,"175":8,"176":8,"177":8,"178":8,"180":1,"181":4,"182":4,"183":4,"184":4,"185":4},"branchMap":{"0":{"type":"branch","line":123,"loc":{"start":{"line":123,"column":7},"end":{"line":133,"column":1}},"locations":[{"start":{"line":123,"column":7},"end":{"line":133,"column":1}}]},"1":{"type":"branch","line":135,"loc":{"start":{"line":135,"column":7},"end":{"line":153,"column":1}},"locations":[{"start":{"line":135,"column":7},"end":{"line":153,"column":1}}]},"2":{"type":"branch","line":155,"loc":{"start":{"line":155,"column":7},"end":{"line":167,"column":1}},"locations":[{"start":{"line":155,"column":7},"end":{"line":167,"column":1}}]},"3":{"type":"branch","line":158,"loc":{"start":{"line":158,"column":16},"end":{"line":158,"column":34}},"locations":[{"start":{"line":158,"column":16},"end":{"line":158,"column":34}}]},"4":{"type":"branch","line":159,"loc":{"start":{"line":159,"column":16},"end":{"line":159,"column":34}},"locations":[{"start":{"line":159,"column":16},"end":{"line":159,"column":34}}]},"5":{"type":"branch","line":164,"loc":{"start":{"line":164,"column":20},"end":{"line":164,"column":43}},"locations":[{"start":{"line":164,"column":20},"end":{"line":164,"column":43}}]},"6":{"type":"branch","line":169,"loc":{"start":{"line":169,"column":7},"end":{"line":179,"column":1}},"locations":[{"start":{"line":169,"column":7},"end":{"line":179,"column":1}}]},"7":{"type":"branch","line":181,"loc":{"start":{"line":181,"column":7},"end":{"line":186,"column":1}},"locations":[{"start":{"line":181,"column":7},"end":{"line":186,"column":1}}]},"8":{"type":"branch","line":184,"loc":{"start":{"line":184,"column":17},"end":{"line":184,"column":33}},"locations":[{"start":{"line":184,"column":17},"end":{"line":184,"column":33}}]}},"b":{"0":[7],"1":[21],"2":[3],"3":[0],"4":[0],"5":[0],"6":[8],"7":[4],"8":[1]},"fnMap":{"0":{"name":"parseMailbox","decl":{"start":{"line":123,"column":7},"end":{"line":133,"column":1}},"loc":{"start":{"line":123,"column":7},"end":{"line":133,"column":1}},"line":123},"1":{"name":"parseMessage","decl":{"start":{"line":135,"column":7},"end":{"line":153,"column":1}},"loc":{"start":{"line":135,"column":7},"end":{"line":153,"column":1}},"line":135},"2":{"name":"parseMessageDetail","decl":{"start":{"line":155,"column":7},"end":{"line":167,"column":1}},"loc":{"start":{"line":155,"column":7},"end":{"line":167,"column":1}},"line":155},"3":{"name":"parseThread","decl":{"start":{"line":169,"column":7},"end":{"line":179,"column":1}},"loc":{"start":{"line":169,"column":7},"end":{"line":179,"column":1}},"line":169},"4":{"name":"parseThreadDetail","decl":{"start":{"line":181,"column":7},"end":{"line":186,"column":1}},"loc":{"start":{"line":181,"column":7},"end":{"line":186,"column":1}},"line":181}},"f":{"0":7,"1":21,"2":3,"3":8,"4":4}}
,"/home/ec2-user/inkbox/sdk/typescript/src/mail/resources/mailboxes.ts": {"path":"/home/ec2-user/inkbox/sdk/typescript/src/mail/resources/mailboxes.ts","all":false,"statementMap":{"0":{"start":{"line":1,"column":0},"end":{"line":1,"column":3}},"17":{"start":{"line":18,"column":0},"end":{"line":18,"column":26}},"19":{"start":{"line":20,"column":0},"end":{"line":20,"column":32}},"20":{"start":{"line":21,"column":0},"end":{"line":21,"column":54}},"30":{"start":{"line":31,"column":0},"end":{"line":31,"column":90}},"31":{"start":{"line":32,"column":0},"end":{"line":32,"column":80}},"32":{"start":{"line":33,"column":0},"end":{"line":33,"column":44}},"33":{"start":{"line":34,"column":0},"end":{"line":34,"column":49}},"34":{"start":{"line":35,"column":0},"end":{"line":35,"column":5}},"35":{"start":{"line":36,"column":0},"end":{"line":36,"column":62}},"36":{"start":{"line":37,"column":0},"end":{"line":37,"column":30}},"37":{"start":{"line":38,"column":0},"end":{"line":38,"column":3}},"40":{"start":{"line":41,"column":0},"end":{"line":41,"column":36}},"41":{"start":{"line":42,"column":0},"end":{"line":42,"column":57}},"42":{"start":{"line":43,"column":0},"end":{"line":43,"column":34}},"43":{"start":{"line":44,"column":0},"end":{"line":44,"column":3}},"50":{"start":{"line":51,"column":0},"end":{"line":51,"column":53}},"51":{"start":{"line":52,"column":0},"end":{"line":52,"column":76}},"52":{"start":{"line":53,"column":0},"end":{"line":53,"column":30}},"53":{"start":{"line":54,"column":0},"end":{"line":54,"column":3}},"65":{"start":{"line":66,"column":0},"end":{"line":66,"column":15}},"66":{"start":{"line":67,"column":0},"end":{"line":67,"column":25}},"67":{"start":{"line":68,"column":0},"end":{"line":68,"column":66}},"68":{"start":{"line":69,"column":0},"end":{"line":69,"column":23}},"69":{"start":{"line":70,"column":0},"end":{"line":70,"column":45}},"70":{"start":{"line":71,"column":0},"end":{"line":71,"column":44}},"71":{"start":{"line":72,"column":0},"end":{"line":72,"column":49}},"72":{"start":{"line":73,"column":0},"end":{"line":73,"column":5}},"73":{"start":{"line":74,"column":0},"end":{"line":74,"column":34}},"74":{"start":{"line":75,"column":0},"end":{"line":75,"column":47}},"75":{"start":{"line":76,"column":0},"end":{"line":76,"column":5}},"76":{"start":{"line":77,"column":0},"end":{"line":77,"column":84}},"77":{"start":{"line":78,"column":0},"end":{"line":78,"column":30}},"78":{"start":{"line":79,"column":0},"end":{"line":79,"column":3}},"85":{"start":{"line":86,"column":0},"end":{"line":86,"column":53}},"86":{"start":{"line":87,"column":0},"end":{"line":87,"column":54}},"87":{"start":{"line":88,"column":0},"end":{"line":88,"column":3}},"96":{"start":{"line":97,"column":0},"end":{"line":97,"column":15}},"97":{"start":{"line":98,"column":0},"end":{"line":98,"column":25}},"98":{"start":{"line":99,"column":0},"end":{"line":99,"column":43}},"99":{"start":{"line":100,"column":0},"end":{"line":100,"column":25}},"100":{"start":{"line":101,"column":0},"end":{"line":101,"column":64}},"101":{"start":{"line":102,"column":0},"end":{"line":102,"column":39}},"102":{"start":{"line":103,"column":0},"end":{"line":103,"column":51}},"103":{"start":{"line":104,"column":0},"end":{"line":104,"column":6}},"104":{"start":{"line":105,"column":0},"end":{"line":105,"column":40}},"105":{"start":{"line":106,"column":0},"end":{"line":106,"column":3}},"106":{"start":{"line":107,"column":0},"end":{"line":107,"column":1}}},"s":{"0":1,"17":1,"19":1,"20":1,"30":1,"31":2,"32":2,"33":1,"34":1,"35":2,"36":2,"37":2,"40":1,"41":2,"42":2,"43":2,"50":1,"51":1,"52":1,"53":1,"65":1,"66":2,"67":2,"68":2,"69":2,"70":2,"71":1,"72":1,"73":2,"74":0,"75":0,"76":2,"77":2,"78":2,"85":1,"86":1,"87":1,"96":1,"97":2,"98":2,"99":2,"100":2,"101":2,"102":2,"103":2,"104":2,"105":2,"106":1},"branchMap":{"0":{"type":"branch","line":21,"loc":{"start":{"line":21,"column":2},"end":{"line":21,"column":54}},"locations":[{"start":{"line":21,"column":2},"end":{"line":21,"column":54}}]},"1":{"type":"branch","line":31,"loc":{"start":{"line":31,"column":2},"end":{"line":38,"column":3}},"locations":[{"start":{"line":31,"column":2},"end":{"line":38,"column":3}}]},"2":{"type":"branch","line":33,"loc":{"start":{"line":33,"column":43},"end":{"line":35,"column":5}},"locations":[{"start":{"line":33,"column":43},"end":{"line":35,"column":5}}]},"3":{"type":"branch","line":41,"loc":{"start":{"line":41,"column":2},"end":{"line":44,"column":3}},"locations":[{"start":{"line":41,"column":2},"end":{"line":44,"column":3}}]},"4":{"type":"branch","line":51,"loc":{"start":{"line":51,"column":2},"end":{"line":54,"column":3}},"locations":[{"start":{"line":51,"column":2},"end":{"line":54,"column":3}}]},"5":{"type":"branch","line":66,"loc":{"start":{"line":66,"column":2},"end":{"line":79,"column":3}},"locations":[{"start":{"line":66,"column":2},"end":{"line":79,"column":3}}]},"6":{"type":"branch","line":71,"loc":{"start":{"line":71,"column":43},"end":{"line":73,"column":5}},"locations":[{"start":{"line":71,"column":43},"end":{"line":73,"column":5}}]},"7":{"type":"branch","line":74,"loc":{"start":{"line":74,"column":33},"end":{"line":76,"column":5}},"locations":[{"start":{"line":74,"column":33},"end":{"line":76,"column":5}}]},"8":{"type":"branch","line":86,"loc":{"start":{"line":86,"column":2},"end":{"line":88,"column":3}},"locations":[{"start":{"line":86,"column":2},"end":{"line":88,"column":3}}]},"9":{"type":"branch","line":97,"loc":{"start":{"line":97,"column":2},"end":{"line":106,"column":3}},"locations":[{"start":{"line":97,"column":2},"end":{"line":106,"column":3}}]},"10":{"type":"branch","line":103,"loc":{"start":{"line":103,"column":37},"end":{"line":103,"column":49}},"locations":[{"start":{"line":103,"column":37},"end":{"line":103,"column":49}}]}},"b":{"0":[18],"1":[2],"2":[1],"3":[2],"4":[1],"5":[2],"6":[1],"7":[0],"8":[1],"9":[2],"10":[1]},"fnMap":{"0":{"name":"MailboxesResource","decl":{"start":{"line":21,"column":2},"end":{"line":21,"column":54}},"loc":{"start":{"line":21,"column":2},"end":{"line":21,"column":54}},"line":21},"1":{"name":"create","decl":{"start":{"line":31,"column":2},"end":{"line":38,"column":3}},"loc":{"start":{"line":31,"column":2},"end":{"line":38,"column":3}},"line":31},"2":{"name":"list","decl":{"start":{"line":41,"column":2},"end":{"line":44,"column":3}},"loc":{"start":{"line":41,"column":2},"end":{"line":44,"column":3}},"line":41},"3":{"name":"get","decl":{"start":{"line":51,"column":2},"end":{"line":54,"column":3}},"loc":{"start":{"line":51,"column":2},"end":{"line":54,"column":3}},"line":51},"4":{"name":"update","decl":{"start":{"line":66,"column":2},"end":{"line":79,"column":3}},"loc":{"start":{"line":66,"column":2},"end":{"line":79,"column":3}},"line":66},"5":{"name":"delete","decl":{"start":{"line":86,"column":2},"end":{"line":88,"column":3}},"loc":{"start":{"line":86,"column":2},"end":{"line":88,"column":3}},"line":86},"6":{"name":"search","decl":{"start":{"line":97,"column":2},"end":{"line":106,"column":3}},"loc":{"start":{"line":97,"column":2},"end":{"line":106,"column":3}},"line":97}},"f":{"0":18,"1":2,"2":2,"3":1,"4":2,"5":1,"6":2}}
[...]
"end":{"line":158,"column":4}},"158":{"start":{"line":159,"column":0},"end":{"line":159,"column":1}},"160":{"start":{"line":161,"column":0},"end":{"line":161,"column":44}},"161":{"start":{"line":162,"column":0},"end":{"line":162,"column":31}},"162":{"start":{"line":163,"column":0},"end":{"line":163,"column":27}},"163":{"start":{"line":164,"column":0},"end":{"line":164,"column":10}},"164":{"start":{"line":165,"column":0},"end":{"line":165,"column":25}},"165":{"start":{"line":166,"column":0},"end":{"line":166,"column":48}},"166":{"start":{"line":167,"column":0},"end":{"line":167,"column":4}},"167":{"start":{"line":168,"column":0},"end":{"line":168,"column":1}},"169":{"start":{"line":170,"column":0},"end":{"line":170,"column":78}},"170":{"start":{"line":171,"column":0},"end":{"line":171,"column":10}},"171":{"start":{"line":172,"column":0},"end":{"line":172,"column":13}},"172":{"start":{"line":173,"column":0},"end":{"line":173,"column":22}},"173":{"start":{"line":174,"column":0},"end":{"line":174,"column":15}},"174":{"start":{"line":175,"column":0},"end":{"line":175,"column":18}},"175":{"start":{"line":176,"column":0},"end":{"line":176,"column":19}},"176":{"start":{"line":177,"column":0},"end":{"line":177,"column":17}},"177":{"start":{"line":178,"column":0},"end":{"line":178,"column":38}},"178":{"start":{"line":179,"column":0},"end":{"line":179,"column":4}},"179":{"start":{"line":180,"column":0},"end":{"line":180,"column":1}}},"s":{"117":1,"118":7,"119":7,"120":7,"121":7,"122":7,"123":7,"124":7,"125":7,"126":7,"127":7,"128":7,"129":7,"131":1,"132":8,"133":8,"134":8,"135":8,"136":8,"137":8,"138":8,"139":8,"140":8,"141":8,"142":8,"143":8,"144":8,"145":8,"146":8,"147":8,"149":1,"150":5,"151":5,"152":5,"153":5,"154":5,"155":5,"156":5,"157":5,"158":5,"160":1,"161":4,"162":4,"163":4,"164":4,"165":4,"166":4,"167":4,"169":1,"170":3,"171":3,"172":3,"173":3,"174":3,"175":3,"176":3,"177":3,"178":3,"179":3},"branchMap":{"0":{"type":"branch","line":118,"loc":{"start":{"line":118,"column":7},"end":{"line":130,"column":1}},"locations":[{"start":{"line":118,"column":7},"end":{"line":130,"column":1}}]},"1":{"type":"branch","line":132,"loc":{"start":{"line":132,"column":7},"end":{"line":148,"column":1}},"locations":[{"start":{"line":132,"column":7},"end":{"line":148,"column":1}}]},"2":{"type":"branch","line":143,"loc":{"start":{"line":143,"column":17},"end":{"line":143,"column":55}},"locations":[{"start":{"line":143,"column":17},"end":{"line":143,"column":55}}]},"3":{"type":"branch","line":143,"loc":{"start":{"line":143,"column":51},"end":{"line":143,"column":60}},"locations":[{"start":{"line":143,"column":51},"end":{"line":143,"column":60}}]},"4":{"type":"branch","line":144,"loc":{"start":{"line":144,"column":15},"end":{"line":144,"column":49}},"locations":[{"start":{"line":144,"column":15},"end":{"line":144,"column":49}}]},"5":{"type":"branch","line":144,"loc":{"start":{"line":144,"column":45},"end":{"line":144,"column":54}},"locations":[{"start":{"line":144,"column":45},"end":{"line":144,"column":54}}]},"6":{"type":"branch","line":150,"loc":{"start":{"line":150,"column":7},"end":{"line":159,"column":1}},"locations":[{"start":{"line":150,"column":7},"end":{"line":159,"column":1}}]},"7":{"type":"branch","line":161,"loc":{"start":{"line":161,"column":7},"end":{"line":168,"column":1}},"locations":[{"start":{"line":161,"column":7},"end":{"line":168,"column":1}}]},"8":{"type":"branch","line":170,"loc":{"start":{"line":170,"column":7},"end":{"line":180,"column":1}},"locations":[{"start":{"line":170,"column":7},"end":{"line":180,"column":1}}]}},"b":{"0":[7],"1":[8],"2":[7],"3":[1],"4":[7],"5":[1],"6":[5],"7":[4],"8":[3]},"fnMap":{"0":{"name":"parsePhoneNumber","decl":{"start":{"line":118,"column":7},"end":{"line":130,"column":1}},"loc":{"start":{"line":118,"column":7},"end":{"line":130,"column":1}},"line":118},"1":{"name":"parsePhoneCall","decl":{"start":{"line":132,"column":7},"end":{"line":148,"column":1}},"loc":{"start":{"line":132,"column":7},"end":{"line":148,"column":1}},"line":132},"2":{"name":"parseRateLimitInfo","decl":{"start":{"line":150,"column":7},"end":{"line":159,"column":1}},"loc":{"start":{"line":150,"column":7},"end":{"line":159,"column":1}},"line":150},"3":{"name":"parsePhoneCallWithRateLimit","decl":{"start":{"line":161,"column":7},"end":{"line":168,"column":1}},"loc":{"start":{"line":161,"column":7},"end":{"line":168,"column":1}},"line":161},"4":{"name":"parsePhoneTranscript","decl":{"start":{"line":170,"column":7},"end":{"line":180,"column":1}},"loc":{"start":{"line":170,"column":7},"end":{"line":180,"column":1}},"line":170}},"f":{"0":7,"1":8,"2":5,"3":4,"4":3}}
,"/home/ec2-user/inkbox/sdk/typescript/src/phone/resources/calls.ts": {"path":"/home/ec2-user/inkbox/sdk/typescript/src/phone/resources/calls.ts","all":false,"statementMap":{"0":{"start":{"line":1,"column":0},"end":{"line":1,"column":3}},"16":{"start":{"line":17,"column":0},"end":{"line":17,"column":28}},"17":{"start":{"line":18,"column":0},"end":{"line":18,"column":54}},"26":{"start":{"line":27,"column":0},"end":{"line":27,"column":13}},"27":{"start":{"line":28,"column":0},"end":{"line":28,"column":26}},"28":{"start":{"line":29,"column":0},"end":{"line":29,"column":50}},"29":{"start":{"line":30,"column":0},"end":{"line":30,"column":27}},"30":{"start":{"line":31,"column":0},"end":{"line":31,"column":53}},"31":{"start":{"line":32,"column":0},"end":{"line":32,"column":40}},"32":{"start":{"line":33,"column":0},"end":{"line":33,"column":68}},"33":{"start":{"line":34,"column":0},"end":{"line":34,"column":6}},"34":{"start":{"line":35,"column":0},"end":{"line":35,"column":36}},"35":{"start":{"line":36,"column":0},"end":{"line":36,"column":3}},"43":{"start":{"line":44,"column":0},"end":{"line":44,"column":72}},"44":{"start":{"line":45,"column":0},"end":{"line":45,"column":51}},"45":{"start":{"line":46,"column":0},"end":{"line":46,"column":50}},"46":{"start":{"line":47,"column":0},"end":{"line":47,"column":6}},"47":{"start":{"line":48,"column":0},"end":{"line":48,"column":32}},"48":{"start":{"line":49,"column":0},"end":{"line":49,"column":3}},"58":{"start":{"line":59,"column":0},"end":{"line":59,"column":24}},"62":{"start":{"line":63,"column":0},"end":{"line":63,"column":39}},"63":{"start":{"line":64,"column":0},"end":{"line":64,"column":43}},"64":{"start":{"line":65,"column":0},"end":{"line":65,"column":38}},"65":{"start":{"line":66,"column":0},"end":{"line":66,"column":34}},"66":{"start":{"line":67,"column":0},"end":{"line":67,"column":6}},"67":{"start":{"line":68,"column":0},"end":{"line":68,"column":51}},"68":{"start":{"line":69,"column":0},"end":{"line":69,"column":64}},"69":{"start":{"line":70,"column":0},"end":{"line":70,"column":5}},"70":{"start":{"line":71,"column":0},"end":{"line":71,"column":86}},"71":{"start":{"line":72,"column":0},"end":{"line":72,"column":45}},"72":{"start":{"line":73,"column":0},"end":{"line":73,"column":3}},"73":{"start":{"line":74,"column":0},"end":{"line":74,"column":1}}},"s":{"0":1,"16":1,"17":1,"26":1,"27":2,"28":2,"29":2,"30":2,"31":2,"32":2,"33":2,"34":2,"35":2,"43":1,"44":1,"45":1,"46":1,"47":1,"48":1,"58":1,"62":3,"63":3,"64":3,"65":3,"66":3,"67":3,"68":1,"69":1,"70":3,"71":3,"72":3,"73":1},"branchMap":{"0":{"type":"branch","line":18,"loc":{"start":{"line":18,"column":2},"end":{"line":18,"column":54}},"locations":[{"start":{"line":18,"column":2},"end":{"line":18,"column":54}}]},"1":{"type":"branch","line":27,"loc":{"start":{"line":27,"column":2},"end":{"line":36,"column":3}},"locations":[{"start":{"line":27,"column":2},"end":{"line":36,"column":3}}]},"2":{"type":"branch","line":33,"loc":{"start":{"line":33,"column":15},"end":{"line":33,"column":33}},"locations":[{"start":{"line":33,"column":15},"end":{"line":33,"column":33}}]},"3":{"type":"branch","line":33,"loc":{"start":{"line":33,"column":24},"end":{"line":33,"column":37}},"locations":[{"start":{"line":33,"column":24},"end":{"line":33,"column":37}}]},"4":{"type":"branch","line":33,"loc":{"start":{"line":33,"column":45},"end":{"line":33,"column":64}},"locations":[{"start":{"line":33,"column":45},"end":{"line":33,"column":64}}]},"5":{"type":"branch","line":33,"loc":{"start":{"line":33,"column":54},"end":{"line":33,"column":66}},"locations":[{"start":{"line":33,"column":54},"end":{"line":33,"column":66}}]},"6":{"type":"branch","line":44,"loc":{"start":{"line":44,"column":2},"end":{"line":49,"column":3}},"locations":[{"start":{"line":44,"column":2},"end":{"line":49,"column":3}}]},"7":{"type":"branch","line":59,"loc":{"start":{"line":59,"column":2},"end":{"line":73,"column":3}},"locations":[{"start":{"line":59,"column":2},"end":{"line":73,"column":3}}]},"8":{"type":"branch","line":68,"loc":{"start":{"line":68,"column":50},"end":{"line":70,"column":5}},"locations":[{"start":{"line":68,"column":50},"end":{"line":70,"column":5}}]}},"b":{"0":[14],"1":[2],"2":[1],"3":[1],"4":[1],"5":[1],"6":[1],"7":[3],"8":[1]},"fnMap":{"0":{"name":"CallsResource","decl":{"start":{"line":18,"column":2},"end":{"line":18,"column":54}},"loc":{"start":{"line":18,"column":2},"end":{"line":18,"column":54}},"line":18},"1":{"name":"list","decl":{"start":{"line":27,"column":2},"end":{"line":36,"column":3}},"loc":{"start":{"line":27,"column":2},"end":{"line":36,"column":3}},"line":27},"2":{"name":"get","decl":{"start":{"line":44,"column":2},"end":{"line":49,"column":3}},"loc":{"start":{"line":44,"column":2},"end":{"line":49,"column":3}},"line":44},"3":{"name":"place","decl":{"start":{"line":59,"column":2},"end":{"line":73,"column":3}},"loc":{"start":{"line":59,"column":2},"end":{"line":73,"column":3}},"line":59}},"f":{"0":14,"1":2,"2":1,"3":3}}
,"/home/ec2-user/inkbox/sdk/typescript/src/phone/resources/numbers.ts": {"path":"/home/ec2-user/inkbox/sdk/typescript/src/phone/resources/numbers.ts","all":false,"statementMap":{"0":{"start":{"line":1,"column":0},"end":{"line":1,"column":3}},"16":{"start":{"line":17,"column":0},"end":{"line":17,"column":24}},"18":{"start":{"line":19,"column":0},"end":{"line":19,"column":35}},"19":{"start":{"line":20,"column":0},"end":{"line":20,"column":54}},"22":{"start":{"line":23,"column":0},"end":{"line":23,"column":40}},"23":{"start":{"line":24,"column":0},"end":{"line":24,"column":61}},"24":{"start":{"line":25,"column":0},"end":{"line":25,"column":38}},"25":{"start":{"line":26,"column":0},"end":{"line":26,"column":3}},"28":{"start":{"line":29,"column":0},"end":{"line":29,"column":58}},"29":{"start":{"line":30,"column":0},"end":{"line":30,"column":53}},"30":{"start":{"line":31,"column":0},"end":{"line":31,"column":33}},"31":{"start":{"line":32,"column":0},"end":{"line":32,"column":6}},"32":{"start":{"line":33,"column":0},"end":{"line":33,"column":34}},"33":{"start":{"line":34,"column":0},"end":{"line":34,"column":3}},"44":{"start":{"line":45,"column":0},"end":{"line":45,"column":15}},"45":{"start":{"line":46,"column":0},"end":{"line":46,"column":26}},"46":{"start":{"line":47,"column":0},"end":{"line":47,"column":14}},"51":{"start":{"line":52,"column":0},"end":{"line":52,"column":27}},"52":{"start":{"line":53,"column":0},"end":{"line":53,"column":45}},"53":{"start":{"line":54,"column":0},"end":{"line":54,"column":51}},"54":{"start":{"line":55,"column":0},"end":{"line":55,"column":64}},"55":{"start":{"line":56,"column":0},"end":{"line":56,"column":5}},"56":{"start":{"line":57,"column":0},"end":{"line":57,"column":42}},"57":{"start":{"line":58,"column":0},"end":{"line":58,"column":64}},"58":{"start":{"line":59,"column":0},"end":{"line":59,"column":5}},"59":{"start":{"line":60,"column":0},"end":{"line":60,"column":46}},"60":{"start":{"line":61,"column":0},"end":{"line":61,"column":73}},"61":{"start":{"line":62,"column":0},"end":{"line":62,"column":5}},"62":{"start":{"line":63,"column":0},"end":{"line":63,"column":55}},"63":{"start":{"line":64,"column":0},"end":{"line":64,"column":33}},"64":{"start":{"line":65,"column":0},"end":{"line":65,"column":11}},"65":{"start":{"line":66,"column":0},"end":{"line":66,"column":6}},"66":{"start":{"line":67,"column":0},"end":{"line":67,"column":34}},"67":{"start":{"line":68,"column":0},"end":{"line":68,"column":3}},"76":{"start":{"line":77,"column":0},"end":{"line":77,"column":28}},"80":{"start":{"line":81,"column":0},"end":{"line":81,"column":28}},"81":{"start":{"line":82,"column":0},"end":{"line":82,"column":43}},"82":{"start":{"line":83,"column":0},"end":{"line":83,"column":40}},"83":{"start":{"line":84,"column":0},"end":{"line":84,"column":40}},"84":{"start":{"line":85,"column":0},"end":{"line":85,"column":6}},"85":{"start":{"line":86,"column":0},"end":{"line":86,"column":38}},"86":{"start":{"line":87,"column":0},"end":{"line":87,"column":36}},"87":{"start":{"line":88,"column":0},"end":{"line":88,"column":5}},"88":{"start":{"line":89,"column":0},"end":{"line":89,"column":66}},"89":{"start":{"line":90,"column":0},"end":{"line":90,"column":34}},"90":{"start":{"line":91,"column":0},"end":{"line":91,"column":3}},"97":{"start":{"line":98,"column":0},"end":{"line":98,"column":55}},"98":{"start":{"line":99,"column":0},"end":{"line":99,"column":55}},"99":{"start":{"line":100,"column":0},"end":{"line":100,"column":3}},"109":{"start":{"line":110,"column":0},"end":{"line":110,"column":26}},"110":{"start":{"line":111,"column":0},"end":{"line":111,"column":26}},"111":{"start":{"line":112,"column":0},"end":{"line":112,"column":59}},"112":{"start":{"line":113,"column":0},"end":{"line":113,"column":33}},"113":{"start":{"line":114,"column":0},"end":{"line":114,"column":59}},"114":{"start":{"line":115,"column":0},"end":{"line":115,"column":40}},"115":{"start":{"line":116,"column":0},"end":{"line":116,"column":73}},"116":{"start":{"line":117,"column":0},"end":{"line":117,"column":6}},"117":{"start":{"line":118,"column":0},"end":{"line":118,"column":42}},"118":{"start":{"line":119,"column":0},"end":{"line":119,"column":3}},"119":{"start":{"line":120,"column":0},"end":{"line":120,"column":1}}},"s":{"0":1,"16":1,"18":1,"19":1,"22":1,"23":1,"24":1,"25":1,"28":1,"29":1,"30":1,"31":1,"32":1,"33":1,"44":1,"45":2,"46":2,"51":2,"52":2,"53":2,"54":1,"55":1,"56":2,"57":0,"58":0,"59":2,"60":0,"61":0,"62":2,"63":2,"64":2,"65":2,"66":2,"67":2,"76":1,"80":2,"81":2,"82":2,"83":2,"84":2,"85":2,"86":1,"87":1,"88":2,"89":2,"90":2,"97":1,"98":1,"99":1,"109":1,"110":2,"111":2,"112":2,"113":2,"114":2,"115":2,"116":2,"117":2,"118":2,"119":1},"branchMap":{"0":{"type":"branch","line":20,"loc":{"start":{"line":20,"column":2},"end":{"line":20,"column":54}},"locations":[{"start":{"line":20,"column":2},"end":{"line":20,"column":54}}]},"1":{"type":"branch","line":23,"loc":{"start":{"line":23,"column":2},"end":{"line":26,"column":3}},"locations":[{"start":{"line":23,"column":2},"end":{"line":26,"column":3}}]},"2":{"type":"branch","line":29,"loc":{"start":{"line":29,"column":2},"end":{"line":34,"column":3}},"locations":[{"start":{"line":29,"column":2},"end":{"line":34,"column":3}}]},"3":{"type":"branch","line":45,"loc":{"start":{"line":45,"column":2},"end":{"line":68,"column":3}},"locations":[{"start":{"line":45,"column":2},"end":{"line":68,"column":3}}]},"4":{"type":"branch","line":54,"loc":{"start":{"line":54,"column":50},"end":{"line":56,"column":5}},"locations":[{"start":{"line":54,"column":50},"end":{"line":56,"column":5}}]},"5":{"type":"branch","line":57,"loc":{"start":{"line":57,"column":41},"end":{"line":59,"column":5}},"locations":[{"start":{"line":57,"column":41},"end":{"line":59,"column":5}}]},"6":{"type":"branch","line":60,"loc":{"start":{"line":60,"column":45},"end":{"line":62,"column":5}},"locations":[{"start":{"line":60,"column":45},"end":{"line":62,"column":5}}]},"7":{"type":"branch","line":77,"loc":{"start":{"line":77,"column":2},"end":{"line":91,"column":3}},"locations":[{"start":{"line":77,"column":2},"end":{"line":91,"column":3}}]},"8":{"type":"branch","line":84,"loc":{"start":{"line":84,"column":20},"end":{"line":84,"column":40}},"locations":[{"start":{"line":84,"column":20},"end":{"line":84,"column":40}}]},"9":{"type":"branch","line":86,"loc":{"start":{"line":86,"column":37},"end":{"line":88,"column":5}},"locations":[{"start":{"line":86,"column":37},"end":{"line":88,"column":5}}]},"10":{"type":"branch","line":98,"loc":{"start":{"line":98,"column":2},"end":{"line":100,"column":3}},"locations":[{"start":{"line":98,"column":2},"end":{"line":100,"column":3}}]},"11":{"type":"branch","line":110,"loc":{"start":{"line":110,"column":2},"end":{"line":119,"column":3}},"locations":[{"start":{"line":110,"column":2},"end":{"line":119,"column":3}}]},"12":{"type":"branch","line":116,"loc":{"start":{"line":116,"column":59},"end":{"line":116,"column":71}},"locations":[{"start":{"line":116,"column":59},"end":{"line":116,"column":71}}]}},"b":{"0":[17],"1":[1],"2":[1],"3":[2],"4":[1],"5":[0],"6":[0],"7":[2],"8":[1],"9":[1],"10":[1],"11":[2],"12":[1]},"fnMap":{"0":{"name":"PhoneNumbersResource","decl":{"start":{"line":20,"column":2},"end":{"line":20,"column":54}},"loc":{"start":{"line":20,"column":2},"end":{"line":20,"column":54}},"line":20},"1":{"name":"list","decl":{"start":{"line":23,"column":2},"end":{"line":26,"column":3}},"loc":{"start":{"line":23,"column":2},"end":{"line":26,"column":3}},"line":23},"2":{"name":"get","decl":{"start":{"line":29,"column":2},"end":{"line":34,"column":3}},"loc":{"start":{"line":29,"column":2},"end":{"line":34,"column":3}},"line":29},"3":{"name":"update","decl":{"start":{"line":45,"column":2},"end":{"line":68,"column":3}},"loc":{"start":{"line":45,"column":2},"end":{"line":68,"column":3}},"line":45},"4":{"name":"provision","decl":{"start":{"line":77,"column":2},"end":{"line":91,"column":3}},"loc":{"start":{"line":77,"column":2},"end":{"line":91,"column":3}},"line":77},"5":{"name":"release","decl":{"start":{"line":98,"column":2},"end":{"line":100,"column":3}},"loc":{"start":{"line":98,"column":2},"end":{"line":100,"column":3}},"line":98},"6":{"name":"searchTranscripts","decl":{"start":{"line":110,"column":2},"end":{"line":119,"column":3}},"loc":{"start":{"line":110,"column":2},"end":{"line":119,"column":3}},"line":110}},"f":{"0":17,"1":1,"2":1,"3":2,"4":2,"5":1,"6":2}}
,"/home/ec2-user/inkbox/sdk/typescript/src/phone/resources/transcripts.ts": {"path":"/home/ec2-user/inkbox/sdk/typescript/src/phone/resources/transcripts.ts","all":false,"statementMap":{"0":{"start":{"line":1,"column":0},"end":{"line":1,"column":3}},"13":{"start":{"line":14,"column":0},"end":{"line":14,"column":34}},"14":{"start":{"line":15,"column":0},"end":{"line":15,"column":54}},"22":{"start":{"line":23,"column":0},"end":{"line":23,"column":13}},"23":{"start":{"line":24,"column":0},"end":{"line":24,"column":26}},"24":{"start":{"line":25,"column":0},"end":{"line":25,"column":19}},"25":{"start":{"line":26,"column":0},"end":{"line":26,"column":33}},"26":{"start":{"line":27,"column":0},"end":{"line":27,"column":59}},"27":{"start":{"line":28,"column":0},"end":{"line":28,"column":62}},"28":{"start":{"line":29,"column":0},"end":{"line":29,"column":6}},"29":{"start":{"line":30,"column":0},"end":{"line":30,"column":42}},"30":{"start":{"line":31,"column":0},"end":{"line":31,"column":3}},"31":{"start":{"line":32,"column":0},"end":{"line":32,"column":1}}},"s":{"0":1,"13":1,"14":1,"22":1,"23":2,"24":2,"25":2,"26":2,"27":2,"28":2,"29":2,"30":2,"31":1},"branchMap":{"0":{"type":"branch","line":15,"loc":{"start":{"line":15,"column":2},"end":{"line":15,"column":54}},"locations":[{"start":{"line":15,"column":2},"end":{"line":15,"column":54}}]},"1":{"type":"branch","line":23,"loc":{"start":{"line":23,"column":2},"end":{"line":31,"column":3}},"locations":[{"start":{"line":23,"column":2},"end":{"line":31,"column":3}}]}},"b":{"0":[10],"1":[2]},"fnMap":{"0":{"name":"TranscriptsResource","decl":{"start":{"line":15,"column":2},"end":{"line":15,"column":54}},"loc":{"start":{"line":15,"column":2},"end":{"line":15,"column":54}},"line":15},"1":{"name":"list","decl":{"start":{"line":23,"column":2},"end":{"line":31,"column":3}},"loc":{"start":{"line":23,"column":2},"end":{"line":31,"column":3}},"line":23}},"f":{"0":10,"1":2}}
}
